31-Oct-2019 00:01:52.782 INFO [http-nio-8080-exec-204] org.apache.catalina.core.StandardContext.reload Reloading Context with name [/DHBServer] has started
31-Oct-2019 00:01:52.799 INFO [http-nio-8080-exec-204] org.apache.catalina.core.StandardContext.reload Reloading Context with name [/DHBServer] is completed
31-Oct-2019 00:01:59.025 INFO [http-nio-8080-exec-199] org.apache.catalina.core.StandardContext.reload Reloading Context with name [/DHBServer] has started
31-Oct-2019 00:01:59.040 INFO [http-nio-8080-exec-199] org.apache.catalina.core.StandardContext.reload Reloading Context with name [/DHBServer] is completed
31-Oct-2019 00:02:01.410 INFO [http-nio-8080-exec-208] org.apache.catalina.startup.HostConfig.undeploy Undeploying context [/DHBServer]
31-Oct-2019 00:02:01.423 INFO [http-nio-8080-exec-207] org.apache.catalina.startup.HostConfig.deployDescriptor Deploying deployment descriptor [/Users/filipposcotto/Workspace/DistributedHashBreaker/Tomcat/conf/Catalina/localhost/DHBServer.xml]
31-Oct-2019 00:02:01.424 WARNING [http-nio-8080-exec-207] org.apache.catalina.startup.HostConfig.deployDescriptor The path attribute with value [/DHBServer] in deployment descriptor [/Users/filipposcotto/Workspace/DistributedHashBreaker/Tomcat/conf/Catalina/localhost/DHBServer.xml] has been ignored
31-Oct-2019 00:02:01.440 INFO [http-nio-8080-exec-207] org.apache.catalina.startup.HostConfig.deployDescriptor Deployment of deployment descriptor [/Users/filipposcotto/Workspace/DistributedHashBreaker/Tomcat/conf/Catalina/localhost/DHBServer.xml] has finished in [16] ms
31-Oct-2019 00:02:01.444 INFO [http-nio-8080-exec-191] org.apache.catalina.util.LifecycleBase.start The start() method was called on component [StandardEngine[Catalina].StandardHost[localhost].StandardContext[/DHBServer]] after start() had already been called. The second call will be ignored.
31-Oct-2019 00:04:29.111 INFO [http-nio-8080-exec-213] org.apache.catalina.core.StandardContext.reload Reloading Context with name [/DHBServer] has started
31-Oct-2019 00:04:29.132 INFO [http-nio-8080-exec-213] org.apache.catalina.core.StandardContext.reload Reloading Context with name [/DHBServer] is completed
31-Oct-2019 00:04:31.664 INFO [http-nio-8080-exec-206] org.apache.catalina.core.StandardContext.reload Reloading Context with name [/DHBServer] has started
31-Oct-2019 00:04:31.682 INFO [http-nio-8080-exec-206] org.apache.catalina.core.StandardContext.reload Reloading Context with name [/DHBServer] is completed
31-Oct-2019 00:04:33.091 INFO [http-nio-8080-exec-212] org.apache.catalina.startup.HostConfig.undeploy Undeploying context [/DHBServer]
31-Oct-2019 00:04:33.103 INFO [http-nio-8080-exec-216] org.apache.catalina.startup.HostConfig.deployDescriptor Deploying deployment descriptor [/Users/filipposcotto/Workspace/DistributedHashBreaker/Tomcat/conf/Catalina/localhost/DHBServer.xml]
31-Oct-2019 00:04:33.104 WARNING [http-nio-8080-exec-216] org.apache.catalina.startup.HostConfig.deployDescriptor The path attribute with value [/DHBServer] in deployment descriptor [/Users/filipposcotto/Workspace/DistributedHashBreaker/Tomcat/conf/Catalina/localhost/DHBServer.xml] has been ignored
31-Oct-2019 00:04:33.121 INFO [http-nio-8080-exec-216] org.apache.catalina.startup.HostConfig.deployDescriptor Deployment of deployment descriptor [/Users/filipposcotto/Workspace/DistributedHashBreaker/Tomcat/conf/Catalina/localhost/DHBServer.xml] has finished in [18] ms
31-Oct-2019 00:04:33.125 INFO [http-nio-8080-exec-208] org.apache.catalina.util.LifecycleBase.start The start() method was called on component [StandardEngine[Catalina].StandardHost[localhost].StandardContext[/DHBServer]] after start() had already been called. The second call will be ignored.
31-Oct-2019 00:05:01.713 INFO [http-nio-8080-exec-208] org.apache.catalina.core.StandardContext.reload Reloading Context with name [/DHBServer] has started
31-Oct-2019 00:05:01.730 INFO [http-nio-8080-exec-208] org.apache.catalina.core.StandardContext.reload Reloading Context with name [/DHBServer] is completed
31-Oct-2019 00:05:03.839 INFO [http-nio-8080-exec-220] org.apache.catalina.startup.HostConfig.undeploy Undeploying context [/DHBServer]
31-Oct-2019 00:05:03.849 INFO [http-nio-8080-exec-216] org.apache.catalina.startup.HostConfig.deployDescriptor Deploying deployment descriptor [/Users/filipposcotto/Workspace/DistributedHashBreaker/Tomcat/conf/Catalina/localhost/DHBServer.xml]
31-Oct-2019 00:05:03.849 WARNING [http-nio-8080-exec-216] org.apache.catalina.startup.HostConfig.deployDescriptor The path attribute with value [/DHBServer] in deployment descriptor [/Users/filipposcotto/Workspace/DistributedHashBreaker/Tomcat/conf/Catalina/localhost/DHBServer.xml] has been ignored
31-Oct-2019 00:05:03.868 INFO [http-nio-8080-exec-216] org.apache.catalina.startup.HostConfig.deployDescriptor Deployment of deployment descriptor [/Users/filipposcotto/Workspace/DistributedHashBreaker/Tomcat/conf/Catalina/localhost/DHBServer.xml] has finished in [18] ms
31-Oct-2019 00:05:03.871 INFO [http-nio-8080-exec-219] org.apache.catalina.util.LifecycleBase.start The start() method was called on component [StandardEngine[Catalina].StandardHost[localhost].StandardContext[/DHBServer]] after start() had already been called. The second call will be ignored.
