22-Nov-2019 11:53:22.164 INFORMAZIONI [main] org.apache.catalina.startup.VersionLoggerListener.log Server version name:   Apache Tomcat/9.0.27
22-Nov-2019 11:53:22.185 INFORMAZIONI [main] org.apache.catalina.startup.VersionLoggerListener.log Server built:          Oct 7 2019 09:57:22 UTC
22-Nov-2019 11:53:22.186 INFORMAZIONI [main] org.apache.catalina.startup.VersionLoggerListener.log Server version number: 9.0.27.0
22-Nov-2019 11:53:22.186 INFORMAZIONI [main] org.apache.catalina.startup.VersionLoggerListener.log OS Name:               Mac OS X
22-Nov-2019 11:53:22.186 INFORMAZIONI [main] org.apache.catalina.startup.VersionLoggerListener.log OS Version:            10.10.5
22-Nov-2019 11:53:22.186 INFORMAZIONI [main] org.apache.catalina.startup.VersionLoggerListener.log Architecture:          x86_64
22-Nov-2019 11:53:22.187 INFORMAZIONI [main] org.apache.catalina.startup.VersionLoggerListener.log Java Home:             /Library/Java/JavaVirtualMachines/openjdk12/Contents/Home
22-Nov-2019 11:53:22.187 INFORMAZIONI [main] org.apache.catalina.startup.VersionLoggerListener.log JVM Version:           12.0.2+10
22-Nov-2019 11:53:22.187 INFORMAZIONI [main] org.apache.catalina.startup.VersionLoggerListener.log JVM Vendor:            AdoptOpenJDK
22-Nov-2019 11:53:22.187 INFORMAZIONI [main] org.apache.catalina.startup.VersionLoggerListener.log CATALINA_BASE:         /Users/filipposcotto/Desktop/.Workspace/Concurrent and Distributed Systems/Project/DistributedHashBreaker/Tomcat
22-Nov-2019 11:53:22.187 INFORMAZIONI [main] org.apache.catalina.startup.VersionLoggerListener.log CATALINA_HOME:         /Users/filipposcotto/Desktop/.Workspace/Concurrent and Distributed Systems/Project/DistributedHashBreaker/Tomcat
22-Nov-2019 11:53:22.216 INFORMAZIONI [main] org.apache.catalina.startup.VersionLoggerListener.log Command line argument: --add-opens=java.base/java.lang=ALL-UNNAMED
22-Nov-2019 11:53:22.216 INFORMAZIONI [main] org.apache.catalina.startup.VersionLoggerListener.log Command line argument: --add-opens=java.base/java.io=ALL-UNNAMED
22-Nov-2019 11:53:22.217 INFORMAZIONI [main] org.apache.catalina.startup.VersionLoggerListener.log Command line argument: --add-opens=java.rmi/sun.rmi.transport=ALL-UNNAMED
22-Nov-2019 11:53:22.217 INFORMAZIONI [main] org.apache.catalina.startup.VersionLoggerListener.log Command line argument: -Djava.util.logging.config.file=/Users/filipposcotto/Desktop/.Workspace/Concurrent and Distributed Systems/Project/DistributedHashBreaker/Tomcat/conf/logging.properties
22-Nov-2019 11:53:22.217 INFORMAZIONI [main] org.apache.catalina.startup.VersionLoggerListener.log Command line argument: -Djava.util.logging.manager=org.apache.juli.ClassLoaderLogManager
22-Nov-2019 11:53:22.217 INFORMAZIONI [main] org.apache.catalina.startup.VersionLoggerListener.log Command line argument: -Djdk.tls.ephemeralDHKeySize=2048
22-Nov-2019 11:53:22.218 INFORMAZIONI [main] org.apache.catalina.startup.VersionLoggerListener.log Command line argument: -Djava.protocol.handler.pkgs=org.apache.catalina.webresources
22-Nov-2019 11:53:22.218 INFORMAZIONI [main] org.apache.catalina.startup.VersionLoggerListener.log Command line argument: -Dorg.apache.catalina.security.SecurityListener.UMASK=0027
22-Nov-2019 11:53:22.221 INFORMAZIONI [main] org.apache.catalina.startup.VersionLoggerListener.log Command line argument: -Dignore.endorsed.dirs=
22-Nov-2019 11:53:22.221 INFORMAZIONI [main] org.apache.catalina.startup.VersionLoggerListener.log Command line argument: -Dcatalina.base=/Users/filipposcotto/Desktop/.Workspace/Concurrent and Distributed Systems/Project/DistributedHashBreaker/Tomcat
22-Nov-2019 11:53:22.221 INFORMAZIONI [main] org.apache.catalina.startup.VersionLoggerListener.log Command line argument: -Dcatalina.home=/Users/filipposcotto/Desktop/.Workspace/Concurrent and Distributed Systems/Project/DistributedHashBreaker/Tomcat
22-Nov-2019 11:53:22.222 INFORMAZIONI [main] org.apache.catalina.startup.VersionLoggerListener.log Command line argument: -Djava.io.tmpdir=/Users/filipposcotto/Desktop/.Workspace/Concurrent and Distributed Systems/Project/DistributedHashBreaker/Tomcat/temp
22-Nov-2019 11:53:22.222 INFORMAZIONI [main] org.apache.catalina.core.AprLifecycleListener.lifecycleEvent The APR based Apache Tomcat Native library which allows optimal performance in production environments was not found on the java.library.path: [/Users/filipposcotto/Library/Java/Extensions:/Library/Java/Extensions:/Network/Library/Java/Extensions:/System/Library/Java/Extensions:/usr/lib/java:.]
22-Nov-2019 11:53:23.848 INFORMAZIONI [main] org.apache.coyote.AbstractProtocol.init Initializing ProtocolHandler ["http-nio-8080"]
22-Nov-2019 11:53:24.077 INFORMAZIONI [main] org.apache.coyote.AbstractProtocol.init Initializing ProtocolHandler ["ajp-nio-8009"]
22-Nov-2019 11:53:24.082 INFORMAZIONI [main] org.apache.catalina.startup.Catalina.load Server initialization in [2,790] milliseconds
22-Nov-2019 11:53:24.724 INFORMAZIONI [main] org.apache.catalina.core.StandardService.startInternal Starting service [Catalina]
22-Nov-2019 11:53:24.865 INFORMAZIONI [main] org.apache.catalina.core.StandardEngine.startInternal Starting Servlet engine: [Apache Tomcat/9.0.27]
22-Nov-2019 11:53:24.889 INFORMAZIONI [main] org.apache.catalina.startup.HostConfig.deployDescriptor Deploying deployment descriptor [/Users/filipposcotto/Desktop/.Workspace/Concurrent and Distributed Systems/Project/DistributedHashBreaker/Tomcat/conf/Catalina/localhost/DHBServer.xml]
22-Nov-2019 11:53:25.028 AVVERTENZA [main] org.apache.catalina.startup.HostConfig.deployDescriptor The path attribute with value [/DHBServer] in deployment descriptor [/Users/filipposcotto/Desktop/.Workspace/Concurrent and Distributed Systems/Project/DistributedHashBreaker/Tomcat/conf/Catalina/localhost/DHBServer.xml] has been ignored
22-Nov-2019 11:53:27.602 INFORMAZIONI [main] org.apache.jasper.servlet.TldScanner.scanJars At least one JAR was scanned for TLDs yet contained no TLDs. Enable debug logging for this logger for a complete list of JARs that were scanned but no TLDs were found in them. Skipping unneeded JARs during scanning can improve startup time and JSP compilation time.
22-Nov-2019 11:53:28.519 INFORMAZIONI [main] org.apache.catalina.startup.HostConfig.deployDescriptor Deployment of deployment descriptor [/Users/filipposcotto/Desktop/.Workspace/Concurrent and Distributed Systems/Project/DistributedHashBreaker/Tomcat/conf/Catalina/localhost/DHBServer.xml] has finished in [3,601] ms
22-Nov-2019 11:53:28.576 INFORMAZIONI [main] org.apache.catalina.startup.HostConfig.deployDirectory Deploying web application directory [/Users/filipposcotto/Desktop/.Workspace/Concurrent and Distributed Systems/Project/DistributedHashBreaker/Tomcat/webapps/docs]
22-Nov-2019 11:53:28.799 INFORMAZIONI [main] org.apache.catalina.startup.HostConfig.deployDirectory Deployment of web application directory [/Users/filipposcotto/Desktop/.Workspace/Concurrent and Distributed Systems/Project/DistributedHashBreaker/Tomcat/webapps/docs] has finished in [222] ms
22-Nov-2019 11:53:28.802 INFORMAZIONI [main] org.apache.catalina.startup.HostConfig.deployDirectory Deploying web application directory [/Users/filipposcotto/Desktop/.Workspace/Concurrent and Distributed Systems/Project/DistributedHashBreaker/Tomcat/webapps/examples]
22-Nov-2019 11:53:30.167 INFORMAZIONI [main] org.apache.catalina.startup.HostConfig.deployDirectory Deployment of web application directory [/Users/filipposcotto/Desktop/.Workspace/Concurrent and Distributed Systems/Project/DistributedHashBreaker/Tomcat/webapps/examples] has finished in [1,365] ms
22-Nov-2019 11:53:30.171 INFORMAZIONI [main] org.apache.catalina.startup.HostConfig.deployDirectory Deploying web application directory [/Users/filipposcotto/Desktop/.Workspace/Concurrent and Distributed Systems/Project/DistributedHashBreaker/Tomcat/webapps/host-manager]
22-Nov-2019 11:53:30.498 INFORMAZIONI [main] org.apache.catalina.startup.HostConfig.deployDirectory Deployment of web application directory [/Users/filipposcotto/Desktop/.Workspace/Concurrent and Distributed Systems/Project/DistributedHashBreaker/Tomcat/webapps/host-manager] has finished in [326] ms
22-Nov-2019 11:53:30.499 INFORMAZIONI [main] org.apache.catalina.startup.HostConfig.deployDirectory Deploying web application directory [/Users/filipposcotto/Desktop/.Workspace/Concurrent and Distributed Systems/Project/DistributedHashBreaker/Tomcat/webapps/manager]
22-Nov-2019 11:53:30.761 INFORMAZIONI [main] org.apache.catalina.startup.HostConfig.deployDirectory Deployment of web application directory [/Users/filipposcotto/Desktop/.Workspace/Concurrent and Distributed Systems/Project/DistributedHashBreaker/Tomcat/webapps/manager] has finished in [261] ms
22-Nov-2019 11:53:30.761 INFORMAZIONI [main] org.apache.catalina.startup.HostConfig.deployDirectory Deploying web application directory [/Users/filipposcotto/Desktop/.Workspace/Concurrent and Distributed Systems/Project/DistributedHashBreaker/Tomcat/webapps/ROOT]
22-Nov-2019 11:53:30.866 INFORMAZIONI [main] org.apache.catalina.startup.HostConfig.deployDirectory Deployment of web application directory [/Users/filipposcotto/Desktop/.Workspace/Concurrent and Distributed Systems/Project/DistributedHashBreaker/Tomcat/webapps/ROOT] has finished in [105] ms
22-Nov-2019 11:53:30.915 INFORMAZIONI [main] org.apache.coyote.AbstractProtocol.start Starting ProtocolHandler ["http-nio-8080"]
22-Nov-2019 11:53:30.967 INFORMAZIONI [main] org.apache.coyote.AbstractProtocol.start Starting ProtocolHandler ["ajp-nio-8009"]
22-Nov-2019 11:53:30.976 INFORMAZIONI [main] org.apache.catalina.startup.Catalina.start Server startup in [6,893] milliseconds
22-Nov-2019 11:53:34.405 INFORMAZIONI [http-nio-8080-exec-1] org.apache.catalina.startup.HostConfig.undeploy Undeploying context [/DHBServer]
22-Nov-2019 11:53:34.472 INFORMAZIONI [http-nio-8080-exec-7] org.apache.catalina.startup.HostConfig.deployDescriptor Deploying deployment descriptor [/Users/filipposcotto/Desktop/.Workspace/Concurrent and Distributed Systems/Project/DistributedHashBreaker/Tomcat/conf/Catalina/localhost/DHBServer.xml]
22-Nov-2019 11:53:34.487 AVVERTENZA [http-nio-8080-exec-7] org.apache.catalina.startup.HostConfig.deployDescriptor The path attribute with value [/DHBServer] in deployment descriptor [/Users/filipposcotto/Desktop/.Workspace/Concurrent and Distributed Systems/Project/DistributedHashBreaker/Tomcat/conf/Catalina/localhost/DHBServer.xml] has been ignored
22-Nov-2019 11:53:35.452 INFORMAZIONI [http-nio-8080-exec-7] org.apache.jasper.servlet.TldScanner.scanJars At least one JAR was scanned for TLDs yet contained no TLDs. Enable debug logging for this logger for a complete list of JARs that were scanned but no TLDs were found in them. Skipping unneeded JARs during scanning can improve startup time and JSP compilation time.
22-Nov-2019 11:53:35.471 INFORMAZIONI [http-nio-8080-exec-7] org.apache.catalina.startup.HostConfig.deployDescriptor Deployment of deployment descriptor [/Users/filipposcotto/Desktop/.Workspace/Concurrent and Distributed Systems/Project/DistributedHashBreaker/Tomcat/conf/Catalina/localhost/DHBServer.xml] has finished in [998] ms
22-Nov-2019 11:53:35.489 INFORMAZIONI [http-nio-8080-exec-9] org.apache.catalina.util.LifecycleBase.start The start() method was called on component [StandardEngine[Catalina].StandardHost[localhost].StandardContext[/DHBServer]] after start() had already been called. The second call will be ignored.
22-Nov-2019 14:34:05.658 INFORMAZIONI [main] org.apache.catalina.startup.VersionLoggerListener.log Server version name:   Apache Tomcat/9.0.27
22-Nov-2019 14:34:05.666 INFORMAZIONI [main] org.apache.catalina.startup.VersionLoggerListener.log Server built:          Oct 7 2019 09:57:22 UTC
22-Nov-2019 14:34:05.666 INFORMAZIONI [main] org.apache.catalina.startup.VersionLoggerListener.log Server version number: 9.0.27.0
22-Nov-2019 14:34:05.666 INFORMAZIONI [main] org.apache.catalina.startup.VersionLoggerListener.log OS Name:               Mac OS X
22-Nov-2019 14:34:05.666 INFORMAZIONI [main] org.apache.catalina.startup.VersionLoggerListener.log OS Version:            10.10.5
22-Nov-2019 14:34:05.666 INFORMAZIONI [main] org.apache.catalina.startup.VersionLoggerListener.log Architecture:          x86_64
22-Nov-2019 14:34:05.667 INFORMAZIONI [main] org.apache.catalina.startup.VersionLoggerListener.log Java Home:             /Library/Java/JavaVirtualMachines/openjdk12/Contents/Home
22-Nov-2019 14:34:05.667 INFORMAZIONI [main] org.apache.catalina.startup.VersionLoggerListener.log JVM Version:           12.0.2+10
22-Nov-2019 14:34:05.667 INFORMAZIONI [main] org.apache.catalina.startup.VersionLoggerListener.log JVM Vendor:            AdoptOpenJDK
22-Nov-2019 14:34:05.667 INFORMAZIONI [main] org.apache.catalina.startup.VersionLoggerListener.log CATALINA_BASE:         /Users/filipposcotto/Desktop/.Workspace/Concurrent and Distributed Systems/Project/DistributedHashBreaker/Tomcat
22-Nov-2019 14:34:05.670 INFORMAZIONI [main] org.apache.catalina.startup.VersionLoggerListener.log CATALINA_HOME:         /Users/filipposcotto/Desktop/.Workspace/Concurrent and Distributed Systems/Project/DistributedHashBreaker/Tomcat
22-Nov-2019 14:34:05.703 INFORMAZIONI [main] org.apache.catalina.startup.VersionLoggerListener.log Command line argument: --add-opens=java.base/java.lang=ALL-UNNAMED
22-Nov-2019 14:34:05.704 INFORMAZIONI [main] org.apache.catalina.startup.VersionLoggerListener.log Command line argument: --add-opens=java.base/java.io=ALL-UNNAMED
22-Nov-2019 14:34:05.705 INFORMAZIONI [main] org.apache.catalina.startup.VersionLoggerListener.log Command line argument: --add-opens=java.rmi/sun.rmi.transport=ALL-UNNAMED
22-Nov-2019 14:34:05.707 INFORMAZIONI [main] org.apache.catalina.startup.VersionLoggerListener.log Command line argument: -Djava.util.logging.config.file=/Users/filipposcotto/Desktop/.Workspace/Concurrent and Distributed Systems/Project/DistributedHashBreaker/Tomcat/conf/logging.properties
22-Nov-2019 14:34:05.708 INFORMAZIONI [main] org.apache.catalina.startup.VersionLoggerListener.log Command line argument: -Djava.util.logging.manager=org.apache.juli.ClassLoaderLogManager
22-Nov-2019 14:34:05.708 INFORMAZIONI [main] org.apache.catalina.startup.VersionLoggerListener.log Command line argument: -Djdk.tls.ephemeralDHKeySize=2048
22-Nov-2019 14:34:05.708 INFORMAZIONI [main] org.apache.catalina.startup.VersionLoggerListener.log Command line argument: -Djava.protocol.handler.pkgs=org.apache.catalina.webresources
22-Nov-2019 14:34:05.709 INFORMAZIONI [main] org.apache.catalina.startup.VersionLoggerListener.log Command line argument: -Dorg.apache.catalina.security.SecurityListener.UMASK=0027
22-Nov-2019 14:34:05.709 INFORMAZIONI [main] org.apache.catalina.startup.VersionLoggerListener.log Command line argument: -Dignore.endorsed.dirs=
22-Nov-2019 14:34:05.709 INFORMAZIONI [main] org.apache.catalina.startup.VersionLoggerListener.log Command line argument: -Dcatalina.base=/Users/filipposcotto/Desktop/.Workspace/Concurrent and Distributed Systems/Project/DistributedHashBreaker/Tomcat
22-Nov-2019 14:34:05.710 INFORMAZIONI [main] org.apache.catalina.startup.VersionLoggerListener.log Command line argument: -Dcatalina.home=/Users/filipposcotto/Desktop/.Workspace/Concurrent and Distributed Systems/Project/DistributedHashBreaker/Tomcat
22-Nov-2019 14:34:05.710 INFORMAZIONI [main] org.apache.catalina.startup.VersionLoggerListener.log Command line argument: -Djava.io.tmpdir=/Users/filipposcotto/Desktop/.Workspace/Concurrent and Distributed Systems/Project/DistributedHashBreaker/Tomcat/temp
22-Nov-2019 14:34:05.710 INFORMAZIONI [main] org.apache.catalina.core.AprLifecycleListener.lifecycleEvent The APR based Apache Tomcat Native library which allows optimal performance in production environments was not found on the java.library.path: [/Users/filipposcotto/Library/Java/Extensions:/Library/Java/Extensions:/Network/Library/Java/Extensions:/System/Library/Java/Extensions:/usr/lib/java:.]
22-Nov-2019 14:34:06.808 INFORMAZIONI [main] org.apache.coyote.AbstractProtocol.init Initializing ProtocolHandler ["http-nio-8080"]
22-Nov-2019 14:34:06.936 INFORMAZIONI [main] org.apache.coyote.AbstractProtocol.init Initializing ProtocolHandler ["ajp-nio-8009"]
22-Nov-2019 14:34:06.970 INFORMAZIONI [main] org.apache.catalina.startup.Catalina.load Server initialization in [2,118] milliseconds
22-Nov-2019 14:34:07.203 INFORMAZIONI [main] org.apache.catalina.core.StandardService.startInternal Starting service [Catalina]
22-Nov-2019 14:34:07.204 INFORMAZIONI [main] org.apache.catalina.core.StandardEngine.startInternal Starting Servlet engine: [Apache Tomcat/9.0.27]
22-Nov-2019 14:34:07.255 INFORMAZIONI [main] org.apache.catalina.startup.HostConfig.deployDescriptor Deploying deployment descriptor [/Users/filipposcotto/Desktop/.Workspace/Concurrent and Distributed Systems/Project/DistributedHashBreaker/Tomcat/conf/Catalina/localhost/DHBServer.xml]
22-Nov-2019 14:34:07.344 AVVERTENZA [main] org.apache.catalina.startup.HostConfig.deployDescriptor The path attribute with value [/DHBServer] in deployment descriptor [/Users/filipposcotto/Desktop/.Workspace/Concurrent and Distributed Systems/Project/DistributedHashBreaker/Tomcat/conf/Catalina/localhost/DHBServer.xml] has been ignored
22-Nov-2019 14:34:08.947 INFORMAZIONI [main] org.apache.jasper.servlet.TldScanner.scanJars At least one JAR was scanned for TLDs yet contained no TLDs. Enable debug logging for this logger for a complete list of JARs that were scanned but no TLDs were found in them. Skipping unneeded JARs during scanning can improve startup time and JSP compilation time.
22-Nov-2019 14:34:09.226 AVVERTENZA [main] org.apache.catalina.util.SessionIdGeneratorBase.createSecureRandom Creation of SecureRandom instance for session ID generation using [SHA1PRNG] took [176] milliseconds.
22-Nov-2019 14:34:09.369 INFORMAZIONI [main] org.apache.catalina.startup.HostConfig.deployDescriptor Deployment of deployment descriptor [/Users/filipposcotto/Desktop/.Workspace/Concurrent and Distributed Systems/Project/DistributedHashBreaker/Tomcat/conf/Catalina/localhost/DHBServer.xml] has finished in [2,115] ms
22-Nov-2019 14:34:09.371 INFORMAZIONI [main] org.apache.catalina.startup.HostConfig.deployDirectory Deploying web application directory [/Users/filipposcotto/Desktop/.Workspace/Concurrent and Distributed Systems/Project/DistributedHashBreaker/Tomcat/webapps/docs]
22-Nov-2019 14:34:09.507 INFORMAZIONI [main] org.apache.catalina.startup.HostConfig.deployDirectory Deployment of web application directory [/Users/filipposcotto/Desktop/.Workspace/Concurrent and Distributed Systems/Project/DistributedHashBreaker/Tomcat/webapps/docs] has finished in [136] ms
22-Nov-2019 14:34:09.510 INFORMAZIONI [main] org.apache.catalina.startup.HostConfig.deployDirectory Deploying web application directory [/Users/filipposcotto/Desktop/.Workspace/Concurrent and Distributed Systems/Project/DistributedHashBreaker/Tomcat/webapps/examples]
22-Nov-2019 14:34:10.252 INFORMAZIONI [main] org.apache.catalina.startup.HostConfig.deployDirectory Deployment of web application directory [/Users/filipposcotto/Desktop/.Workspace/Concurrent and Distributed Systems/Project/DistributedHashBreaker/Tomcat/webapps/examples] has finished in [742] ms
22-Nov-2019 14:34:10.253 INFORMAZIONI [main] org.apache.catalina.startup.HostConfig.deployDirectory Deploying web application directory [/Users/filipposcotto/Desktop/.Workspace/Concurrent and Distributed Systems/Project/DistributedHashBreaker/Tomcat/webapps/host-manager]
22-Nov-2019 14:34:10.390 INFORMAZIONI [main] org.apache.catalina.startup.HostConfig.deployDirectory Deployment of web application directory [/Users/filipposcotto/Desktop/.Workspace/Concurrent and Distributed Systems/Project/DistributedHashBreaker/Tomcat/webapps/host-manager] has finished in [137] ms
22-Nov-2019 14:34:10.391 INFORMAZIONI [main] org.apache.catalina.startup.HostConfig.deployDirectory Deploying web application directory [/Users/filipposcotto/Desktop/.Workspace/Concurrent and Distributed Systems/Project/DistributedHashBreaker/Tomcat/webapps/manager]
22-Nov-2019 14:34:10.503 INFORMAZIONI [main] org.apache.catalina.startup.HostConfig.deployDirectory Deployment of web application directory [/Users/filipposcotto/Desktop/.Workspace/Concurrent and Distributed Systems/Project/DistributedHashBreaker/Tomcat/webapps/manager] has finished in [112] ms
22-Nov-2019 14:34:10.504 INFORMAZIONI [main] org.apache.catalina.startup.HostConfig.deployDirectory Deploying web application directory [/Users/filipposcotto/Desktop/.Workspace/Concurrent and Distributed Systems/Project/DistributedHashBreaker/Tomcat/webapps/ROOT]
22-Nov-2019 14:34:10.549 INFORMAZIONI [main] org.apache.catalina.startup.HostConfig.deployDirectory Deployment of web application directory [/Users/filipposcotto/Desktop/.Workspace/Concurrent and Distributed Systems/Project/DistributedHashBreaker/Tomcat/webapps/ROOT] has finished in [44] ms
22-Nov-2019 14:34:10.684 INFORMAZIONI [main] org.apache.coyote.AbstractProtocol.start Starting ProtocolHandler ["http-nio-8080"]
22-Nov-2019 14:34:10.759 INFORMAZIONI [main] org.apache.coyote.AbstractProtocol.start Starting ProtocolHandler ["ajp-nio-8009"]
22-Nov-2019 14:34:10.790 INFORMAZIONI [main] org.apache.catalina.startup.Catalina.start Server startup in [3,818] milliseconds
22-Nov-2019 14:34:15.209 INFORMAZIONI [http-nio-8080-exec-2] org.apache.catalina.startup.HostConfig.undeploy Undeploying context [/DHBServer]
22-Nov-2019 14:34:15.262 INFORMAZIONI [http-nio-8080-exec-3] org.apache.catalina.startup.HostConfig.deployDescriptor Deploying deployment descriptor [/Users/filipposcotto/Desktop/.Workspace/Concurrent and Distributed Systems/Project/DistributedHashBreaker/Tomcat/conf/Catalina/localhost/DHBServer.xml]
22-Nov-2019 14:34:15.264 AVVERTENZA [http-nio-8080-exec-3] org.apache.catalina.startup.HostConfig.deployDescriptor The path attribute with value [/DHBServer] in deployment descriptor [/Users/filipposcotto/Desktop/.Workspace/Concurrent and Distributed Systems/Project/DistributedHashBreaker/Tomcat/conf/Catalina/localhost/DHBServer.xml] has been ignored
22-Nov-2019 14:34:15.809 INFORMAZIONI [http-nio-8080-exec-3] org.apache.jasper.servlet.TldScanner.scanJars At least one JAR was scanned for TLDs yet contained no TLDs. Enable debug logging for this logger for a complete list of JARs that were scanned but no TLDs were found in them. Skipping unneeded JARs during scanning can improve startup time and JSP compilation time.
22-Nov-2019 14:34:15.834 INFORMAZIONI [http-nio-8080-exec-3] org.apache.catalina.startup.HostConfig.deployDescriptor Deployment of deployment descriptor [/Users/filipposcotto/Desktop/.Workspace/Concurrent and Distributed Systems/Project/DistributedHashBreaker/Tomcat/conf/Catalina/localhost/DHBServer.xml] has finished in [572] ms
22-Nov-2019 14:34:15.863 INFORMAZIONI [http-nio-8080-exec-3] org.apache.catalina.util.LifecycleBase.start The start() method was called on component [StandardEngine[Catalina].StandardHost[localhost].StandardContext[/DHBServer]] after start() had already been called. The second call will be ignored.
