07-Nov-2019 00:01:20.957 INFO [http-nio-8080-exec-172] org.apache.catalina.startup.HostConfig.undeploy Undeploying context [/DHBServer]
07-Nov-2019 00:01:20.971 INFO [http-nio-8080-exec-165] org.apache.catalina.startup.HostConfig.deployDescriptor Deploying deployment descriptor [/Users/filipposcotto/Workspace/DistributedHashBreaker/Tomcat/conf/Catalina/localhost/DHBServer.xml]
07-Nov-2019 00:01:20.973 WARNING [http-nio-8080-exec-165] org.apache.catalina.startup.HostConfig.deployDescriptor The path attribute with value [/DHBServer] in deployment descriptor [/Users/filipposcotto/Workspace/DistributedHashBreaker/Tomcat/conf/Catalina/localhost/DHBServer.xml] has been ignored
07-Nov-2019 00:01:21.037 INFO [http-nio-8080-exec-165] org.apache.jasper.servlet.TldScanner.scanJars At least one JAR was scanned for TLDs yet contained no TLDs. Enable debug logging for this logger for a complete list of JARs that were scanned but no TLDs were found in them. Skipping unneeded JARs during scanning can improve startup time and JSP compilation time.
07-Nov-2019 00:01:21.039 INFO [http-nio-8080-exec-165] org.apache.catalina.startup.HostConfig.deployDescriptor Deployment of deployment descriptor [/Users/filipposcotto/Workspace/DistributedHashBreaker/Tomcat/conf/Catalina/localhost/DHBServer.xml] has finished in [68] ms
07-Nov-2019 00:01:21.043 INFO [http-nio-8080-exec-169] org.apache.catalina.util.LifecycleBase.start The start() method was called on component [StandardEngine[Catalina].StandardHost[localhost].StandardContext[/DHBServer]] after start() had already been called. The second call will be ignored.
07-Nov-2019 00:01:29.275 INFO [main] org.apache.catalina.core.StandardServer.await A valid shutdown command was received via the shutdown port. Stopping the Server instance.
07-Nov-2019 00:01:29.276 INFO [main] org.apache.coyote.AbstractProtocol.pause Pausing ProtocolHandler ["http-nio-8080"]
07-Nov-2019 00:01:29.278 INFO [main] org.apache.coyote.AbstractProtocol.pause Pausing ProtocolHandler ["ajp-nio-8009"]
07-Nov-2019 00:01:29.284 INFO [main] org.apache.catalina.core.StandardService.stopInternal Stopping service [Catalina]
07-Nov-2019 00:01:29.303 INFO [main] org.apache.coyote.AbstractProtocol.stop Stopping ProtocolHandler ["http-nio-8080"]
07-Nov-2019 00:01:29.305 INFO [main] org.apache.coyote.AbstractProtocol.stop Stopping ProtocolHandler ["ajp-nio-8009"]
07-Nov-2019 00:01:29.306 INFO [main] org.apache.coyote.AbstractProtocol.destroy Destroying ProtocolHandler ["http-nio-8080"]
07-Nov-2019 00:01:29.308 INFO [main] org.apache.coyote.AbstractProtocol.destroy Destroying ProtocolHandler ["ajp-nio-8009"]
07-Nov-2019 11:01:05.734 INFORMAZIONI [main] org.apache.catalina.startup.VersionLoggerListener.log Server version name:   Apache Tomcat/9.0.27
07-Nov-2019 11:01:05.742 INFORMAZIONI [main] org.apache.catalina.startup.VersionLoggerListener.log Server built:          Oct 7 2019 09:57:22 UTC
07-Nov-2019 11:01:05.742 INFORMAZIONI [main] org.apache.catalina.startup.VersionLoggerListener.log Server version number: 9.0.27.0
07-Nov-2019 11:01:05.742 INFORMAZIONI [main] org.apache.catalina.startup.VersionLoggerListener.log OS Name:               Mac OS X
07-Nov-2019 11:01:05.742 INFORMAZIONI [main] org.apache.catalina.startup.VersionLoggerListener.log OS Version:            10.10.5
07-Nov-2019 11:01:05.747 INFORMAZIONI [main] org.apache.catalina.startup.VersionLoggerListener.log Architecture:          x86_64
07-Nov-2019 11:01:05.752 INFORMAZIONI [main] org.apache.catalina.startup.VersionLoggerListener.log Java Home:             /Library/Java/JavaVirtualMachines/openjdk12/Contents/Home
07-Nov-2019 11:01:05.752 INFORMAZIONI [main] org.apache.catalina.startup.VersionLoggerListener.log JVM Version:           12.0.2+10
07-Nov-2019 11:01:05.753 INFORMAZIONI [main] org.apache.catalina.startup.VersionLoggerListener.log JVM Vendor:            AdoptOpenJDK
07-Nov-2019 11:01:05.753 INFORMAZIONI [main] org.apache.catalina.startup.VersionLoggerListener.log CATALINA_BASE:         /Users/filipposcotto/Desktop/.Workspace/Concurrent and Distributed Systems/Project/DistributedHashBreaker/Tomcat
07-Nov-2019 11:01:05.753 INFORMAZIONI [main] org.apache.catalina.startup.VersionLoggerListener.log CATALINA_HOME:         /Users/filipposcotto/Desktop/.Workspace/Concurrent and Distributed Systems/Project/DistributedHashBreaker/Tomcat
07-Nov-2019 11:01:05.777 INFORMAZIONI [main] org.apache.catalina.startup.VersionLoggerListener.log Command line argument: --add-opens=java.base/java.lang=ALL-UNNAMED
07-Nov-2019 11:01:05.781 INFORMAZIONI [main] org.apache.catalina.startup.VersionLoggerListener.log Command line argument: --add-opens=java.base/java.io=ALL-UNNAMED
07-Nov-2019 11:01:05.781 INFORMAZIONI [main] org.apache.catalina.startup.VersionLoggerListener.log Command line argument: --add-opens=java.rmi/sun.rmi.transport=ALL-UNNAMED
07-Nov-2019 11:01:05.782 INFORMAZIONI [main] org.apache.catalina.startup.VersionLoggerListener.log Command line argument: -Djava.util.logging.config.file=/Users/filipposcotto/Desktop/.Workspace/Concurrent and Distributed Systems/Project/DistributedHashBreaker/Tomcat/conf/logging.properties
07-Nov-2019 11:01:05.782 INFORMAZIONI [main] org.apache.catalina.startup.VersionLoggerListener.log Command line argument: -Djava.util.logging.manager=org.apache.juli.ClassLoaderLogManager
07-Nov-2019 11:01:05.782 INFORMAZIONI [main] org.apache.catalina.startup.VersionLoggerListener.log Command line argument: -Djdk.tls.ephemeralDHKeySize=2048
07-Nov-2019 11:01:05.782 INFORMAZIONI [main] org.apache.catalina.startup.VersionLoggerListener.log Command line argument: -Djava.protocol.handler.pkgs=org.apache.catalina.webresources
07-Nov-2019 11:01:05.782 INFORMAZIONI [main] org.apache.catalina.startup.VersionLoggerListener.log Command line argument: -Dorg.apache.catalina.security.SecurityListener.UMASK=0027
07-Nov-2019 11:01:05.783 INFORMAZIONI [main] org.apache.catalina.startup.VersionLoggerListener.log Command line argument: -Dignore.endorsed.dirs=
07-Nov-2019 11:01:05.783 INFORMAZIONI [main] org.apache.catalina.startup.VersionLoggerListener.log Command line argument: -Dcatalina.base=/Users/filipposcotto/Desktop/.Workspace/Concurrent and Distributed Systems/Project/DistributedHashBreaker/Tomcat
07-Nov-2019 11:01:05.783 INFORMAZIONI [main] org.apache.catalina.startup.VersionLoggerListener.log Command line argument: -Dcatalina.home=/Users/filipposcotto/Desktop/.Workspace/Concurrent and Distributed Systems/Project/DistributedHashBreaker/Tomcat
07-Nov-2019 11:01:05.783 INFORMAZIONI [main] org.apache.catalina.startup.VersionLoggerListener.log Command line argument: -Djava.io.tmpdir=/Users/filipposcotto/Desktop/.Workspace/Concurrent and Distributed Systems/Project/DistributedHashBreaker/Tomcat/temp
07-Nov-2019 11:01:05.785 INFORMAZIONI [main] org.apache.catalina.core.AprLifecycleListener.lifecycleEvent The APR based Apache Tomcat Native library which allows optimal performance in production environments was not found on the java.library.path: [/Users/filipposcotto/Library/Java/Extensions:/Library/Java/Extensions:/Network/Library/Java/Extensions:/System/Library/Java/Extensions:/usr/lib/java:.]
07-Nov-2019 11:01:07.322 INFORMAZIONI [main] org.apache.coyote.AbstractProtocol.init Initializing ProtocolHandler ["http-nio-8080"]
07-Nov-2019 11:01:07.485 INFORMAZIONI [main] org.apache.coyote.AbstractProtocol.init Initializing ProtocolHandler ["ajp-nio-8009"]
07-Nov-2019 11:01:07.491 INFORMAZIONI [main] org.apache.catalina.startup.Catalina.load Server initialization in [2,951] milliseconds
07-Nov-2019 11:01:07.701 INFORMAZIONI [main] org.apache.catalina.core.StandardService.startInternal Starting service [Catalina]
07-Nov-2019 11:01:07.701 INFORMAZIONI [main] org.apache.catalina.core.StandardEngine.startInternal Starting Servlet engine: [Apache Tomcat/9.0.27]
07-Nov-2019 11:01:07.723 INFORMAZIONI [main] org.apache.catalina.startup.HostConfig.deployDescriptor Deploying deployment descriptor [/Users/filipposcotto/Desktop/.Workspace/Concurrent and Distributed Systems/Project/DistributedHashBreaker/Tomcat/conf/Catalina/localhost/DHBServer.xml]
07-Nov-2019 11:01:07.811 AVVERTENZA [main] org.apache.catalina.startup.HostConfig.deployDescriptor The path attribute with value [/DHBServer] in deployment descriptor [/Users/filipposcotto/Desktop/.Workspace/Concurrent and Distributed Systems/Project/DistributedHashBreaker/Tomcat/conf/Catalina/localhost/DHBServer.xml] has been ignored
07-Nov-2019 11:01:07.951 GRAVE [main] org.apache.catalina.startup.HostConfig.deployDescriptor Error deploying deployment descriptor [/Users/filipposcotto/Desktop/.Workspace/Concurrent and Distributed Systems/Project/DistributedHashBreaker/Tomcat/conf/Catalina/localhost/DHBServer.xml]
	java.lang.IllegalStateException: Error starting child
		at org.apache.catalina.core.ContainerBase.addChildInternal(ContainerBase.java:720)
		at org.apache.catalina.core.ContainerBase.addChild(ContainerBase.java:690)
		at org.apache.catalina.core.StandardHost.addChild(StandardHost.java:705)
		at org.apache.catalina.startup.HostConfig.deployDescriptor(HostConfig.java:631)
		at org.apache.catalina.startup.HostConfig$DeployDescriptor.run(HostConfig.java:1831)
		at java.base/java.util.concurrent.Executors$RunnableAdapter.call(Executors.java:515)
		at java.base/java.util.concurrent.FutureTask.run(FutureTask.java:264)
		at org.apache.tomcat.util.threads.InlineExecutorService.execute(InlineExecutorService.java:75)
		at java.base/java.util.concurrent.AbstractExecutorService.submit(AbstractExecutorService.java:118)
		at org.apache.catalina.startup.HostConfig.deployDescriptors(HostConfig.java:526)
		at org.apache.catalina.startup.HostConfig.deployApps(HostConfig.java:425)
		at org.apache.catalina.startup.HostConfig.start(HostConfig.java:1576)
		at org.apache.catalina.startup.HostConfig.lifecycleEvent(HostConfig.java:309)
		at org.apache.catalina.util.LifecycleBase.fireLifecycleEvent(LifecycleBase.java:123)
		at org.apache.catalina.util.LifecycleBase.setStateInternal(LifecycleBase.java:423)
		at org.apache.catalina.util.LifecycleBase.setState(LifecycleBase.java:366)
		at org.apache.catalina.core.ContainerBase.startInternal(ContainerBase.java:936)
		at org.apache.catalina.core.StandardHost.startInternal(StandardHost.java:841)
		at org.apache.catalina.util.LifecycleBase.start(LifecycleBase.java:183)
		at org.apache.catalina.core.ContainerBase$StartChild.call(ContainerBase.java:1384)
		at org.apache.catalina.core.ContainerBase$StartChild.call(ContainerBase.java:1374)
		at java.base/java.util.concurrent.FutureTask.run(FutureTask.java:264)
		at org.apache.tomcat.util.threads.InlineExecutorService.execute(InlineExecutorService.java:75)
		at java.base/java.util.concurrent.AbstractExecutorService.submit(AbstractExecutorService.java:140)
		at org.apache.catalina.core.ContainerBase.startInternal(ContainerBase.java:909)
		at org.apache.catalina.core.StandardEngine.startInternal(StandardEngine.java:262)
		at org.apache.catalina.util.LifecycleBase.start(LifecycleBase.java:183)
		at org.apache.catalina.core.StandardService.startInternal(StandardService.java:421)
		at org.apache.catalina.util.LifecycleBase.start(LifecycleBase.java:183)
		at org.apache.catalina.core.StandardServer.startInternal(StandardServer.java:930)
		at org.apache.catalina.util.LifecycleBase.start(LifecycleBase.java:183)
		at org.apache.catalina.startup.Catalina.start(Catalina.java:633)
		at java.base/jdk.internal.reflect.NativeMethodAccessorImpl.invoke0(Native Method)
		at java.base/jdk.internal.reflect.NativeMethodAccessorImpl.invoke(NativeMethodAccessorImpl.java:62)
		at java.base/jdk.internal.reflect.DelegatingMethodAccessorImpl.invoke(DelegatingMethodAccessorImpl.java:43)
		at java.base/java.lang.reflect.Method.invoke(Method.java:567)
		at org.apache.catalina.startup.Bootstrap.start(Bootstrap.java:344)
		at org.apache.catalina.startup.Bootstrap.main(Bootstrap.java:475)
	Caused by: org.apache.catalina.LifecycleException: Failed to start component [org.apache.catalina.webresources.StandardRoot@24569dba]
		at org.apache.catalina.util.LifecycleBase.handleSubClassException(LifecycleBase.java:440)
		at org.apache.catalina.util.LifecycleBase.start(LifecycleBase.java:198)
		at org.apache.catalina.core.StandardContext.resourcesStart(StandardContext.java:4800)
		at org.apache.catalina.core.StandardContext.startInternal(StandardContext.java:4935)
		at org.apache.catalina.util.LifecycleBase.start(LifecycleBase.java:183)
		at org.apache.catalina.core.ContainerBase.addChildInternal(ContainerBase.java:717)
		... 37 more
	Caused by: java.lang.IllegalArgumentException: The main resource set specified [/Users/filipposcotto/Workspace/DistributedHashBreaker/DHBServer/target/DHBServer-1.0-SNAPSHOT] is not valid
		at org.apache.catalina.webresources.StandardRoot.createMainResourceSet(StandardRoot.java:752)
		at org.apache.catalina.webresources.StandardRoot.startInternal(StandardRoot.java:709)
		at org.apache.catalina.util.LifecycleBase.start(LifecycleBase.java:183)
		... 41 more
07-Nov-2019 11:01:07.954 INFORMAZIONI [main] org.apache.catalina.startup.HostConfig.deployDescriptor Deployment of deployment descriptor [/Users/filipposcotto/Desktop/.Workspace/Concurrent and Distributed Systems/Project/DistributedHashBreaker/Tomcat/conf/Catalina/localhost/DHBServer.xml] has finished in [231] ms
07-Nov-2019 11:01:07.959 INFORMAZIONI [main] org.apache.catalina.startup.HostConfig.deployDirectory Deploying web application directory [/Users/filipposcotto/Desktop/.Workspace/Concurrent and Distributed Systems/Project/DistributedHashBreaker/Tomcat/webapps/docs]
07-Nov-2019 11:01:09.307 INFORMAZIONI [main] org.apache.catalina.startup.HostConfig.deployDirectory Deployment of web application directory [/Users/filipposcotto/Desktop/.Workspace/Concurrent and Distributed Systems/Project/DistributedHashBreaker/Tomcat/webapps/docs] has finished in [1,350] ms
07-Nov-2019 11:01:09.308 INFORMAZIONI [main] org.apache.catalina.startup.HostConfig.deployDirectory Deploying web application directory [/Users/filipposcotto/Desktop/.Workspace/Concurrent and Distributed Systems/Project/DistributedHashBreaker/Tomcat/webapps/examples]
07-Nov-2019 11:01:10.667 INFORMAZIONI [main] org.apache.catalina.startup.HostConfig.deployDirectory Deployment of web application directory [/Users/filipposcotto/Desktop/.Workspace/Concurrent and Distributed Systems/Project/DistributedHashBreaker/Tomcat/webapps/examples] has finished in [1,358] ms
07-Nov-2019 11:01:10.668 INFORMAZIONI [main] org.apache.catalina.startup.HostConfig.deployDirectory Deploying web application directory [/Users/filipposcotto/Desktop/.Workspace/Concurrent and Distributed Systems/Project/DistributedHashBreaker/Tomcat/webapps/host-manager]
07-Nov-2019 11:01:10.789 INFORMAZIONI [main] org.apache.catalina.startup.HostConfig.deployDirectory Deployment of web application directory [/Users/filipposcotto/Desktop/.Workspace/Concurrent and Distributed Systems/Project/DistributedHashBreaker/Tomcat/webapps/host-manager] has finished in [121] ms
07-Nov-2019 11:01:10.789 INFORMAZIONI [main] org.apache.catalina.startup.HostConfig.deployDirectory Deploying web application directory [/Users/filipposcotto/Desktop/.Workspace/Concurrent and Distributed Systems/Project/DistributedHashBreaker/Tomcat/webapps/manager]
07-Nov-2019 11:01:10.925 INFORMAZIONI [main] org.apache.catalina.startup.HostConfig.deployDirectory Deployment of web application directory [/Users/filipposcotto/Desktop/.Workspace/Concurrent and Distributed Systems/Project/DistributedHashBreaker/Tomcat/webapps/manager] has finished in [135] ms
07-Nov-2019 11:01:10.932 INFORMAZIONI [main] org.apache.catalina.startup.HostConfig.deployDirectory Deploying web application directory [/Users/filipposcotto/Desktop/.Workspace/Concurrent and Distributed Systems/Project/DistributedHashBreaker/Tomcat/webapps/ROOT]
07-Nov-2019 11:01:11.051 INFORMAZIONI [main] org.apache.catalina.startup.HostConfig.deployDirectory Deployment of web application directory [/Users/filipposcotto/Desktop/.Workspace/Concurrent and Distributed Systems/Project/DistributedHashBreaker/Tomcat/webapps/ROOT] has finished in [119] ms
07-Nov-2019 11:01:11.062 INFORMAZIONI [main] org.apache.coyote.AbstractProtocol.start Starting ProtocolHandler ["http-nio-8080"]
07-Nov-2019 11:01:11.137 INFORMAZIONI [main] org.apache.coyote.AbstractProtocol.start Starting ProtocolHandler ["ajp-nio-8009"]
07-Nov-2019 11:01:11.199 INFORMAZIONI [main] org.apache.catalina.startup.Catalina.start Server startup in [3,706] milliseconds
07-Nov-2019 11:01:14.160 INFORMAZIONI [http-nio-8080-exec-9] org.apache.catalina.startup.HostConfig.undeploy Undeploying context [/DHBServer]
07-Nov-2019 11:01:14.207 INFORMAZIONI [http-nio-8080-exec-6] org.apache.catalina.startup.HostConfig.deployDescriptor Deploying deployment descriptor [/Users/filipposcotto/Desktop/.Workspace/Concurrent and Distributed Systems/Project/DistributedHashBreaker/Tomcat/conf/Catalina/localhost/DHBServer.xml]
07-Nov-2019 11:01:14.211 AVVERTENZA [http-nio-8080-exec-6] org.apache.catalina.startup.HostConfig.deployDescriptor The path attribute with value [/DHBServer] in deployment descriptor [/Users/filipposcotto/Desktop/.Workspace/Concurrent and Distributed Systems/Project/DistributedHashBreaker/Tomcat/conf/Catalina/localhost/DHBServer.xml] has been ignored
07-Nov-2019 11:01:14.433 INFORMAZIONI [http-nio-8080-exec-6] org.apache.jasper.servlet.TldScanner.scanJars At least one JAR was scanned for TLDs yet contained no TLDs. Enable debug logging for this logger for a complete list of JARs that were scanned but no TLDs were found in them. Skipping unneeded JARs during scanning can improve startup time and JSP compilation time.
07-Nov-2019 11:01:14.469 INFORMAZIONI [http-nio-8080-exec-6] org.apache.catalina.startup.HostConfig.deployDescriptor Deployment of deployment descriptor [/Users/filipposcotto/Desktop/.Workspace/Concurrent and Distributed Systems/Project/DistributedHashBreaker/Tomcat/conf/Catalina/localhost/DHBServer.xml] has finished in [261] ms
07-Nov-2019 11:01:14.492 INFORMAZIONI [http-nio-8080-exec-7] org.apache.catalina.util.LifecycleBase.start The start() method was called on component [StandardEngine[Catalina].StandardHost[localhost].StandardContext[/DHBServer]] after start() had already been called. The second call will be ignored.
07-Nov-2019 11:22:40.793 INFORMAZIONI [main] org.apache.catalina.core.StandardServer.await A valid shutdown command was received via the shutdown port. Stopping the Server instance.
07-Nov-2019 11:22:40.796 INFORMAZIONI [main] org.apache.coyote.AbstractProtocol.pause Pausing ProtocolHandler ["http-nio-8080"]
07-Nov-2019 11:22:40.848 INFORMAZIONI [main] org.apache.coyote.AbstractProtocol.pause Pausing ProtocolHandler ["ajp-nio-8009"]
07-Nov-2019 11:22:40.864 INFORMAZIONI [main] org.apache.catalina.core.StandardService.stopInternal Stopping service [Catalina]
07-Nov-2019 11:22:41.199 INFORMAZIONI [main] org.apache.coyote.AbstractProtocol.stop Stopping ProtocolHandler ["http-nio-8080"]
07-Nov-2019 11:22:41.208 INFORMAZIONI [main] org.apache.coyote.AbstractProtocol.stop Stopping ProtocolHandler ["ajp-nio-8009"]
07-Nov-2019 11:22:41.230 INFORMAZIONI [main] org.apache.coyote.AbstractProtocol.destroy Destroying ProtocolHandler ["http-nio-8080"]
07-Nov-2019 11:22:41.306 INFORMAZIONI [main] org.apache.coyote.AbstractProtocol.destroy Destroying ProtocolHandler ["ajp-nio-8009"]
07-Nov-2019 11:23:28.576 INFORMAZIONI [main] org.apache.catalina.startup.VersionLoggerListener.log Server version name:   Apache Tomcat/9.0.27
07-Nov-2019 11:23:28.596 INFORMAZIONI [main] org.apache.catalina.startup.VersionLoggerListener.log Server built:          Oct 7 2019 09:57:22 UTC
07-Nov-2019 11:23:28.596 INFORMAZIONI [main] org.apache.catalina.startup.VersionLoggerListener.log Server version number: 9.0.27.0
07-Nov-2019 11:23:28.596 INFORMAZIONI [main] org.apache.catalina.startup.VersionLoggerListener.log OS Name:               Mac OS X
07-Nov-2019 11:23:28.596 INFORMAZIONI [main] org.apache.catalina.startup.VersionLoggerListener.log OS Version:            10.10.5
07-Nov-2019 11:23:28.597 INFORMAZIONI [main] org.apache.catalina.startup.VersionLoggerListener.log Architecture:          x86_64
07-Nov-2019 11:23:28.597 INFORMAZIONI [main] org.apache.catalina.startup.VersionLoggerListener.log Java Home:             /Library/Java/JavaVirtualMachines/openjdk12/Contents/Home
07-Nov-2019 11:23:28.597 INFORMAZIONI [main] org.apache.catalina.startup.VersionLoggerListener.log JVM Version:           12.0.2+10
07-Nov-2019 11:23:28.597 INFORMAZIONI [main] org.apache.catalina.startup.VersionLoggerListener.log JVM Vendor:            AdoptOpenJDK
07-Nov-2019 11:23:28.597 INFORMAZIONI [main] org.apache.catalina.startup.VersionLoggerListener.log CATALINA_BASE:         /Users/filipposcotto/Desktop/.Workspace/Concurrent and Distributed Systems/Project/DistributedHashBreaker/Tomcat
07-Nov-2019 11:23:28.597 INFORMAZIONI [main] org.apache.catalina.startup.VersionLoggerListener.log CATALINA_HOME:         /Users/filipposcotto/Desktop/.Workspace/Concurrent and Distributed Systems/Project/DistributedHashBreaker/Tomcat
07-Nov-2019 11:23:28.614 INFORMAZIONI [main] org.apache.catalina.startup.VersionLoggerListener.log Command line argument: --add-opens=java.base/java.lang=ALL-UNNAMED
07-Nov-2019 11:23:28.615 INFORMAZIONI [main] org.apache.catalina.startup.VersionLoggerListener.log Command line argument: --add-opens=java.base/java.io=ALL-UNNAMED
07-Nov-2019 11:23:28.615 INFORMAZIONI [main] org.apache.catalina.startup.VersionLoggerListener.log Command line argument: --add-opens=java.rmi/sun.rmi.transport=ALL-UNNAMED
07-Nov-2019 11:23:28.615 INFORMAZIONI [main] org.apache.catalina.startup.VersionLoggerListener.log Command line argument: -Djava.util.logging.config.file=/Users/filipposcotto/Desktop/.Workspace/Concurrent and Distributed Systems/Project/DistributedHashBreaker/Tomcat/conf/logging.properties
07-Nov-2019 11:23:28.616 INFORMAZIONI [main] org.apache.catalina.startup.VersionLoggerListener.log Command line argument: -Djava.util.logging.manager=org.apache.juli.ClassLoaderLogManager
07-Nov-2019 11:23:28.616 INFORMAZIONI [main] org.apache.catalina.startup.VersionLoggerListener.log Command line argument: -Djdk.tls.ephemeralDHKeySize=2048
07-Nov-2019 11:23:28.616 INFORMAZIONI [main] org.apache.catalina.startup.VersionLoggerListener.log Command line argument: -Djava.protocol.handler.pkgs=org.apache.catalina.webresources
07-Nov-2019 11:23:28.616 INFORMAZIONI [main] org.apache.catalina.startup.VersionLoggerListener.log Command line argument: -Dorg.apache.catalina.security.SecurityListener.UMASK=0027
07-Nov-2019 11:23:28.616 INFORMAZIONI [main] org.apache.catalina.startup.VersionLoggerListener.log Command line argument: -Dignore.endorsed.dirs=
07-Nov-2019 11:23:28.617 INFORMAZIONI [main] org.apache.catalina.startup.VersionLoggerListener.log Command line argument: -Dcatalina.base=/Users/filipposcotto/Desktop/.Workspace/Concurrent and Distributed Systems/Project/DistributedHashBreaker/Tomcat
07-Nov-2019 11:23:28.617 INFORMAZIONI [main] org.apache.catalina.startup.VersionLoggerListener.log Command line argument: -Dcatalina.home=/Users/filipposcotto/Desktop/.Workspace/Concurrent and Distributed Systems/Project/DistributedHashBreaker/Tomcat
07-Nov-2019 11:23:28.617 INFORMAZIONI [main] org.apache.catalina.startup.VersionLoggerListener.log Command line argument: -Djava.io.tmpdir=/Users/filipposcotto/Desktop/.Workspace/Concurrent and Distributed Systems/Project/DistributedHashBreaker/Tomcat/temp
07-Nov-2019 11:23:28.617 INFORMAZIONI [main] org.apache.catalina.core.AprLifecycleListener.lifecycleEvent The APR based Apache Tomcat Native library which allows optimal performance in production environments was not found on the java.library.path: [/Users/filipposcotto/Library/Java/Extensions:/Library/Java/Extensions:/Network/Library/Java/Extensions:/System/Library/Java/Extensions:/usr/lib/java:.]
07-Nov-2019 11:23:29.418 INFORMAZIONI [main] org.apache.coyote.AbstractProtocol.init Initializing ProtocolHandler ["http-nio-8080"]
07-Nov-2019 11:23:29.550 INFORMAZIONI [main] org.apache.coyote.AbstractProtocol.init Initializing ProtocolHandler ["ajp-nio-8009"]
07-Nov-2019 11:23:29.560 INFORMAZIONI [main] org.apache.catalina.startup.Catalina.load Server initialization in [1,607] milliseconds
07-Nov-2019 11:23:29.698 INFORMAZIONI [main] org.apache.catalina.core.StandardService.startInternal Starting service [Catalina]
07-Nov-2019 11:23:29.699 INFORMAZIONI [main] org.apache.catalina.core.StandardEngine.startInternal Starting Servlet engine: [Apache Tomcat/9.0.27]
07-Nov-2019 11:23:29.735 INFORMAZIONI [main] org.apache.catalina.startup.HostConfig.deployDescriptor Deploying deployment descriptor [/Users/filipposcotto/Desktop/.Workspace/Concurrent and Distributed Systems/Project/DistributedHashBreaker/Tomcat/conf/Catalina/localhost/DHBServer.xml]
07-Nov-2019 11:23:29.795 AVVERTENZA [main] org.apache.catalina.startup.HostConfig.deployDescriptor The path attribute with value [/DHBServer] in deployment descriptor [/Users/filipposcotto/Desktop/.Workspace/Concurrent and Distributed Systems/Project/DistributedHashBreaker/Tomcat/conf/Catalina/localhost/DHBServer.xml] has been ignored
07-Nov-2019 11:23:30.681 INFORMAZIONI [main] org.apache.jasper.servlet.TldScanner.scanJars At least one JAR was scanned for TLDs yet contained no TLDs. Enable debug logging for this logger for a complete list of JARs that were scanned but no TLDs were found in them. Skipping unneeded JARs during scanning can improve startup time and JSP compilation time.
07-Nov-2019 11:23:30.871 INFORMAZIONI [main] org.apache.catalina.startup.HostConfig.deployDescriptor Deployment of deployment descriptor [/Users/filipposcotto/Desktop/.Workspace/Concurrent and Distributed Systems/Project/DistributedHashBreaker/Tomcat/conf/Catalina/localhost/DHBServer.xml] has finished in [1,136] ms
07-Nov-2019 11:23:30.878 INFORMAZIONI [main] org.apache.catalina.startup.HostConfig.deployDirectory Deploying web application directory [/Users/filipposcotto/Desktop/.Workspace/Concurrent and Distributed Systems/Project/DistributedHashBreaker/Tomcat/webapps/docs]
07-Nov-2019 11:23:31.010 INFORMAZIONI [main] org.apache.catalina.startup.HostConfig.deployDirectory Deployment of web application directory [/Users/filipposcotto/Desktop/.Workspace/Concurrent and Distributed Systems/Project/DistributedHashBreaker/Tomcat/webapps/docs] has finished in [133] ms
07-Nov-2019 11:23:31.012 INFORMAZIONI [main] org.apache.catalina.startup.HostConfig.deployDirectory Deploying web application directory [/Users/filipposcotto/Desktop/.Workspace/Concurrent and Distributed Systems/Project/DistributedHashBreaker/Tomcat/webapps/examples]
07-Nov-2019 11:23:31.654 INFORMAZIONI [main] org.apache.catalina.startup.HostConfig.deployDirectory Deployment of web application directory [/Users/filipposcotto/Desktop/.Workspace/Concurrent and Distributed Systems/Project/DistributedHashBreaker/Tomcat/webapps/examples] has finished in [642] ms
07-Nov-2019 11:23:31.655 INFORMAZIONI [main] org.apache.catalina.startup.HostConfig.deployDirectory Deploying web application directory [/Users/filipposcotto/Desktop/.Workspace/Concurrent and Distributed Systems/Project/DistributedHashBreaker/Tomcat/webapps/host-manager]
07-Nov-2019 11:23:31.777 INFORMAZIONI [main] org.apache.catalina.startup.HostConfig.deployDirectory Deployment of web application directory [/Users/filipposcotto/Desktop/.Workspace/Concurrent and Distributed Systems/Project/DistributedHashBreaker/Tomcat/webapps/host-manager] has finished in [121] ms
07-Nov-2019 11:23:31.778 INFORMAZIONI [main] org.apache.catalina.startup.HostConfig.deployDirectory Deploying web application directory [/Users/filipposcotto/Desktop/.Workspace/Concurrent and Distributed Systems/Project/DistributedHashBreaker/Tomcat/webapps/manager]
07-Nov-2019 11:23:31.925 INFORMAZIONI [main] org.apache.catalina.startup.HostConfig.deployDirectory Deployment of web application directory [/Users/filipposcotto/Desktop/.Workspace/Concurrent and Distributed Systems/Project/DistributedHashBreaker/Tomcat/webapps/manager] has finished in [147] ms
07-Nov-2019 11:23:31.925 INFORMAZIONI [main] org.apache.catalina.startup.HostConfig.deployDirectory Deploying web application directory [/Users/filipposcotto/Desktop/.Workspace/Concurrent and Distributed Systems/Project/DistributedHashBreaker/Tomcat/webapps/ROOT]
07-Nov-2019 11:23:32.013 INFORMAZIONI [main] org.apache.catalina.startup.HostConfig.deployDirectory Deployment of web application directory [/Users/filipposcotto/Desktop/.Workspace/Concurrent and Distributed Systems/Project/DistributedHashBreaker/Tomcat/webapps/ROOT] has finished in [88] ms
07-Nov-2019 11:23:32.036 INFORMAZIONI [main] org.apache.coyote.AbstractProtocol.start Starting ProtocolHandler ["http-nio-8080"]
07-Nov-2019 11:23:32.073 INFORMAZIONI [main] org.apache.coyote.AbstractProtocol.start Starting ProtocolHandler ["ajp-nio-8009"]
07-Nov-2019 11:23:32.097 INFORMAZIONI [main] org.apache.catalina.startup.Catalina.start Server startup in [2,520] milliseconds
07-Nov-2019 11:23:33.796 INFORMAZIONI [http-nio-8080-exec-8] org.apache.catalina.startup.HostConfig.undeploy Undeploying context [/DHBServer]
07-Nov-2019 11:23:33.836 INFORMAZIONI [http-nio-8080-exec-1] org.apache.catalina.startup.HostConfig.deployDescriptor Deploying deployment descriptor [/Users/filipposcotto/Desktop/.Workspace/Concurrent and Distributed Systems/Project/DistributedHashBreaker/Tomcat/conf/Catalina/localhost/DHBServer.xml]
07-Nov-2019 11:23:33.838 AVVERTENZA [http-nio-8080-exec-1] org.apache.catalina.startup.HostConfig.deployDescriptor The path attribute with value [/DHBServer] in deployment descriptor [/Users/filipposcotto/Desktop/.Workspace/Concurrent and Distributed Systems/Project/DistributedHashBreaker/Tomcat/conf/Catalina/localhost/DHBServer.xml] has been ignored
07-Nov-2019 11:23:33.983 INFORMAZIONI [http-nio-8080-exec-1] org.apache.jasper.servlet.TldScanner.scanJars At least one JAR was scanned for TLDs yet contained no TLDs. Enable debug logging for this logger for a complete list of JARs that were scanned but no TLDs were found in them. Skipping unneeded JARs during scanning can improve startup time and JSP compilation time.
07-Nov-2019 11:23:33.992 INFORMAZIONI [http-nio-8080-exec-1] org.apache.catalina.startup.HostConfig.deployDescriptor Deployment of deployment descriptor [/Users/filipposcotto/Desktop/.Workspace/Concurrent and Distributed Systems/Project/DistributedHashBreaker/Tomcat/conf/Catalina/localhost/DHBServer.xml] has finished in [156] ms
07-Nov-2019 11:23:34.035 INFORMAZIONI [http-nio-8080-exec-1] org.apache.catalina.util.LifecycleBase.start The start() method was called on component [StandardEngine[Catalina].StandardHost[localhost].StandardContext[/DHBServer]] after start() had already been called. The second call will be ignored.
07-Nov-2019 11:28:28.400 INFORMAZIONI [main] org.apache.catalina.core.StandardServer.await A valid shutdown command was received via the shutdown port. Stopping the Server instance.
07-Nov-2019 11:28:28.401 INFORMAZIONI [main] org.apache.coyote.AbstractProtocol.pause Pausing ProtocolHandler ["http-nio-8080"]
07-Nov-2019 11:28:28.415 INFORMAZIONI [main] org.apache.coyote.AbstractProtocol.pause Pausing ProtocolHandler ["ajp-nio-8009"]
07-Nov-2019 11:28:28.422 INFORMAZIONI [main] org.apache.catalina.core.StandardService.stopInternal Stopping service [Catalina]
07-Nov-2019 11:28:28.826 INFORMAZIONI [main] org.apache.coyote.AbstractProtocol.stop Stopping ProtocolHandler ["http-nio-8080"]
07-Nov-2019 11:28:28.830 INFORMAZIONI [main] org.apache.coyote.AbstractProtocol.stop Stopping ProtocolHandler ["ajp-nio-8009"]
07-Nov-2019 11:28:28.852 INFORMAZIONI [main] org.apache.coyote.AbstractProtocol.destroy Destroying ProtocolHandler ["http-nio-8080"]
07-Nov-2019 11:28:28.855 INFORMAZIONI [main] org.apache.coyote.AbstractProtocol.destroy Destroying ProtocolHandler ["ajp-nio-8009"]
07-Nov-2019 11:28:34.967 INFORMAZIONI [main] org.apache.catalina.startup.VersionLoggerListener.log Server version name:   Apache Tomcat/9.0.27
07-Nov-2019 11:28:35.016 INFORMAZIONI [main] org.apache.catalina.startup.VersionLoggerListener.log Server built:          Oct 7 2019 09:57:22 UTC
07-Nov-2019 11:28:35.016 INFORMAZIONI [main] org.apache.catalina.startup.VersionLoggerListener.log Server version number: 9.0.27.0
07-Nov-2019 11:28:35.023 INFORMAZIONI [main] org.apache.catalina.startup.VersionLoggerListener.log OS Name:               Mac OS X
07-Nov-2019 11:28:35.023 INFORMAZIONI [main] org.apache.catalina.startup.VersionLoggerListener.log OS Version:            10.10.5
07-Nov-2019 11:28:35.024 INFORMAZIONI [main] org.apache.catalina.startup.VersionLoggerListener.log Architecture:          x86_64
07-Nov-2019 11:28:35.027 INFORMAZIONI [main] org.apache.catalina.startup.VersionLoggerListener.log Java Home:             /Library/Java/JavaVirtualMachines/openjdk12/Contents/Home
07-Nov-2019 11:28:35.028 INFORMAZIONI [main] org.apache.catalina.startup.VersionLoggerListener.log JVM Version:           12.0.2+10
07-Nov-2019 11:28:35.029 INFORMAZIONI [main] org.apache.catalina.startup.VersionLoggerListener.log JVM Vendor:            AdoptOpenJDK
07-Nov-2019 11:28:35.030 INFORMAZIONI [main] org.apache.catalina.startup.VersionLoggerListener.log CATALINA_BASE:         /Users/filipposcotto/Desktop/.Workspace/Concurrent and Distributed Systems/Project/DistributedHashBreaker/Tomcat
07-Nov-2019 11:28:35.031 INFORMAZIONI [main] org.apache.catalina.startup.VersionLoggerListener.log CATALINA_HOME:         /Users/filipposcotto/Desktop/.Workspace/Concurrent and Distributed Systems/Project/DistributedHashBreaker/Tomcat
07-Nov-2019 11:28:35.054 INFORMAZIONI [main] org.apache.catalina.startup.VersionLoggerListener.log Command line argument: --add-opens=java.base/java.lang=ALL-UNNAMED
07-Nov-2019 11:28:35.056 INFORMAZIONI [main] org.apache.catalina.startup.VersionLoggerListener.log Command line argument: --add-opens=java.base/java.io=ALL-UNNAMED
07-Nov-2019 11:28:35.056 INFORMAZIONI [main] org.apache.catalina.startup.VersionLoggerListener.log Command line argument: --add-opens=java.rmi/sun.rmi.transport=ALL-UNNAMED
07-Nov-2019 11:28:35.070 INFORMAZIONI [main] org.apache.catalina.startup.VersionLoggerListener.log Command line argument: -Djava.util.logging.config.file=/Users/filipposcotto/Desktop/.Workspace/Concurrent and Distributed Systems/Project/DistributedHashBreaker/Tomcat/conf/logging.properties
07-Nov-2019 11:28:35.072 INFORMAZIONI [main] org.apache.catalina.startup.VersionLoggerListener.log Command line argument: -Djava.util.logging.manager=org.apache.juli.ClassLoaderLogManager
07-Nov-2019 11:28:35.073 INFORMAZIONI [main] org.apache.catalina.startup.VersionLoggerListener.log Command line argument: -Djdk.tls.ephemeralDHKeySize=2048
07-Nov-2019 11:28:35.073 INFORMAZIONI [main] org.apache.catalina.startup.VersionLoggerListener.log Command line argument: -Djava.protocol.handler.pkgs=org.apache.catalina.webresources
07-Nov-2019 11:28:35.075 INFORMAZIONI [main] org.apache.catalina.startup.VersionLoggerListener.log Command line argument: -Dorg.apache.catalina.security.SecurityListener.UMASK=0027
07-Nov-2019 11:28:35.081 INFORMAZIONI [main] org.apache.catalina.startup.VersionLoggerListener.log Command line argument: -Dignore.endorsed.dirs=
07-Nov-2019 11:28:35.082 INFORMAZIONI [main] org.apache.catalina.startup.VersionLoggerListener.log Command line argument: -Dcatalina.base=/Users/filipposcotto/Desktop/.Workspace/Concurrent and Distributed Systems/Project/DistributedHashBreaker/Tomcat
07-Nov-2019 11:28:35.082 INFORMAZIONI [main] org.apache.catalina.startup.VersionLoggerListener.log Command line argument: -Dcatalina.home=/Users/filipposcotto/Desktop/.Workspace/Concurrent and Distributed Systems/Project/DistributedHashBreaker/Tomcat
07-Nov-2019 11:28:35.085 INFORMAZIONI [main] org.apache.catalina.startup.VersionLoggerListener.log Command line argument: -Djava.io.tmpdir=/Users/filipposcotto/Desktop/.Workspace/Concurrent and Distributed Systems/Project/DistributedHashBreaker/Tomcat/temp
07-Nov-2019 11:28:35.086 INFORMAZIONI [main] org.apache.catalina.core.AprLifecycleListener.lifecycleEvent The APR based Apache Tomcat Native library which allows optimal performance in production environments was not found on the java.library.path: [/Users/filipposcotto/Library/Java/Extensions:/Library/Java/Extensions:/Network/Library/Java/Extensions:/System/Library/Java/Extensions:/usr/lib/java:.]
07-Nov-2019 11:28:36.546 INFORMAZIONI [main] org.apache.coyote.AbstractProtocol.init Initializing ProtocolHandler ["http-nio-8080"]
07-Nov-2019 11:28:36.823 INFORMAZIONI [main] org.apache.coyote.AbstractProtocol.init Initializing ProtocolHandler ["ajp-nio-8009"]
07-Nov-2019 11:28:36.831 INFORMAZIONI [main] org.apache.catalina.startup.Catalina.load Server initialization in [3,387] milliseconds
07-Nov-2019 11:28:37.180 INFORMAZIONI [main] org.apache.catalina.core.StandardService.startInternal Starting service [Catalina]
07-Nov-2019 11:28:37.181 INFORMAZIONI [main] org.apache.catalina.core.StandardEngine.startInternal Starting Servlet engine: [Apache Tomcat/9.0.27]
07-Nov-2019 11:28:37.210 INFORMAZIONI [main] org.apache.catalina.startup.HostConfig.deployDescriptor Deploying deployment descriptor [/Users/filipposcotto/Desktop/.Workspace/Concurrent and Distributed Systems/Project/DistributedHashBreaker/Tomcat/conf/Catalina/localhost/DHBServer.xml]
07-Nov-2019 11:28:37.299 AVVERTENZA [main] org.apache.catalina.startup.HostConfig.deployDescriptor The path attribute with value [/DHBServer] in deployment descriptor [/Users/filipposcotto/Desktop/.Workspace/Concurrent and Distributed Systems/Project/DistributedHashBreaker/Tomcat/conf/Catalina/localhost/DHBServer.xml] has been ignored
07-Nov-2019 11:28:38.639 INFORMAZIONI [main] org.apache.jasper.servlet.TldScanner.scanJars At least one JAR was scanned for TLDs yet contained no TLDs. Enable debug logging for this logger for a complete list of JARs that were scanned but no TLDs were found in them. Skipping unneeded JARs during scanning can improve startup time and JSP compilation time.
07-Nov-2019 11:28:38.957 INFORMAZIONI [main] org.apache.catalina.startup.HostConfig.deployDescriptor Deployment of deployment descriptor [/Users/filipposcotto/Desktop/.Workspace/Concurrent and Distributed Systems/Project/DistributedHashBreaker/Tomcat/conf/Catalina/localhost/DHBServer.xml] has finished in [1,747] ms
07-Nov-2019 11:28:38.958 INFORMAZIONI [main] org.apache.catalina.startup.HostConfig.deployDirectory Deploying web application directory [/Users/filipposcotto/Desktop/.Workspace/Concurrent and Distributed Systems/Project/DistributedHashBreaker/Tomcat/webapps/docs]
07-Nov-2019 11:28:39.067 INFORMAZIONI [main] org.apache.catalina.startup.HostConfig.deployDirectory Deployment of web application directory [/Users/filipposcotto/Desktop/.Workspace/Concurrent and Distributed Systems/Project/DistributedHashBreaker/Tomcat/webapps/docs] has finished in [109] ms
07-Nov-2019 11:28:39.068 INFORMAZIONI [main] org.apache.catalina.startup.HostConfig.deployDirectory Deploying web application directory [/Users/filipposcotto/Desktop/.Workspace/Concurrent and Distributed Systems/Project/DistributedHashBreaker/Tomcat/webapps/examples]
07-Nov-2019 11:28:40.131 INFORMAZIONI [main] org.apache.catalina.startup.HostConfig.deployDirectory Deployment of web application directory [/Users/filipposcotto/Desktop/.Workspace/Concurrent and Distributed Systems/Project/DistributedHashBreaker/Tomcat/webapps/examples] has finished in [1,062] ms
07-Nov-2019 11:28:40.132 INFORMAZIONI [main] org.apache.catalina.startup.HostConfig.deployDirectory Deploying web application directory [/Users/filipposcotto/Desktop/.Workspace/Concurrent and Distributed Systems/Project/DistributedHashBreaker/Tomcat/webapps/host-manager]
07-Nov-2019 11:28:40.316 INFORMAZIONI [main] org.apache.catalina.startup.HostConfig.deployDirectory Deployment of web application directory [/Users/filipposcotto/Desktop/.Workspace/Concurrent and Distributed Systems/Project/DistributedHashBreaker/Tomcat/webapps/host-manager] has finished in [184] ms
07-Nov-2019 11:28:40.317 INFORMAZIONI [main] org.apache.catalina.startup.HostConfig.deployDirectory Deploying web application directory [/Users/filipposcotto/Desktop/.Workspace/Concurrent and Distributed Systems/Project/DistributedHashBreaker/Tomcat/webapps/manager]
07-Nov-2019 11:28:40.473 INFORMAZIONI [main] org.apache.catalina.startup.HostConfig.deployDirectory Deployment of web application directory [/Users/filipposcotto/Desktop/.Workspace/Concurrent and Distributed Systems/Project/DistributedHashBreaker/Tomcat/webapps/manager] has finished in [156] ms
07-Nov-2019 11:28:40.474 INFORMAZIONI [main] org.apache.catalina.startup.HostConfig.deployDirectory Deploying web application directory [/Users/filipposcotto/Desktop/.Workspace/Concurrent and Distributed Systems/Project/DistributedHashBreaker/Tomcat/webapps/ROOT]
07-Nov-2019 11:28:40.537 INFORMAZIONI [main] org.apache.catalina.startup.HostConfig.deployDirectory Deployment of web application directory [/Users/filipposcotto/Desktop/.Workspace/Concurrent and Distributed Systems/Project/DistributedHashBreaker/Tomcat/webapps/ROOT] has finished in [64] ms
07-Nov-2019 11:28:40.556 INFORMAZIONI [main] org.apache.coyote.AbstractProtocol.start Starting ProtocolHandler ["http-nio-8080"]
07-Nov-2019 11:28:40.632 INFORMAZIONI [main] org.apache.coyote.AbstractProtocol.start Starting ProtocolHandler ["ajp-nio-8009"]
07-Nov-2019 11:28:40.745 INFORMAZIONI [main] org.apache.catalina.startup.Catalina.start Server startup in [3,902] milliseconds
07-Nov-2019 11:28:41.718 INFORMAZIONI [http-nio-8080-exec-8] org.apache.catalina.startup.HostConfig.undeploy Undeploying context [/DHBServer]
07-Nov-2019 11:28:41.766 INFORMAZIONI [http-nio-8080-exec-5] org.apache.catalina.startup.HostConfig.deployDescriptor Deploying deployment descriptor [/Users/filipposcotto/Desktop/.Workspace/Concurrent and Distributed Systems/Project/DistributedHashBreaker/Tomcat/conf/Catalina/localhost/DHBServer.xml]
07-Nov-2019 11:28:41.770 AVVERTENZA [http-nio-8080-exec-5] org.apache.catalina.startup.HostConfig.deployDescriptor The path attribute with value [/DHBServer] in deployment descriptor [/Users/filipposcotto/Desktop/.Workspace/Concurrent and Distributed Systems/Project/DistributedHashBreaker/Tomcat/conf/Catalina/localhost/DHBServer.xml] has been ignored
07-Nov-2019 11:28:42.152 INFORMAZIONI [http-nio-8080-exec-5] org.apache.jasper.servlet.TldScanner.scanJars At least one JAR was scanned for TLDs yet contained no TLDs. Enable debug logging for this logger for a complete list of JARs that were scanned but no TLDs were found in them. Skipping unneeded JARs during scanning can improve startup time and JSP compilation time.
07-Nov-2019 11:28:42.212 INFORMAZIONI [http-nio-8080-exec-5] org.apache.catalina.startup.HostConfig.deployDescriptor Deployment of deployment descriptor [/Users/filipposcotto/Desktop/.Workspace/Concurrent and Distributed Systems/Project/DistributedHashBreaker/Tomcat/conf/Catalina/localhost/DHBServer.xml] has finished in [446] ms
07-Nov-2019 11:28:42.282 INFORMAZIONI [http-nio-8080-exec-5] org.apache.catalina.util.LifecycleBase.start The start() method was called on component [StandardEngine[Catalina].StandardHost[localhost].StandardContext[/DHBServer]] after start() had already been called. The second call will be ignored.
