06-Nov-2019 18:58:18.432 INFO [main] org.apache.catalina.startup.VersionLoggerListener.log Server version name:   Apache Tomcat/9.0.27
06-Nov-2019 18:58:18.436 INFO [main] org.apache.catalina.startup.VersionLoggerListener.log Server built:          Oct 7 2019 09:57:22 UTC
06-Nov-2019 18:58:18.437 INFO [main] org.apache.catalina.startup.VersionLoggerListener.log Server version number: 9.0.27.0
06-Nov-2019 18:58:18.437 INFO [main] org.apache.catalina.startup.VersionLoggerListener.log OS Name:               Mac OS X
06-Nov-2019 18:58:18.437 INFO [main] org.apache.catalina.startup.VersionLoggerListener.log OS Version:            10.15
06-Nov-2019 18:58:18.437 INFO [main] org.apache.catalina.startup.VersionLoggerListener.log Architecture:          x86_64
06-Nov-2019 18:58:18.437 INFO [main] org.apache.catalina.startup.VersionLoggerListener.log Java Home:             /Library/Java/JavaVirtualMachines/jdk-13.0.1.jdk/Contents/Home
06-Nov-2019 18:58:18.437 INFO [main] org.apache.catalina.startup.VersionLoggerListener.log JVM Version:           13.0.1+9
06-Nov-2019 18:58:18.437 INFO [main] org.apache.catalina.startup.VersionLoggerListener.log JVM Vendor:            Oracle Corporation
06-Nov-2019 18:58:18.437 INFO [main] org.apache.catalina.startup.VersionLoggerListener.log CATALINA_BASE:         /Users/filipposcotto/Workspace/DistributedHashBreaker/Tomcat
06-Nov-2019 18:58:18.437 INFO [main] org.apache.catalina.startup.VersionLoggerListener.log CATALINA_HOME:         /Users/filipposcotto/Workspace/DistributedHashBreaker/Tomcat
06-Nov-2019 18:58:18.456 INFO [main] org.apache.catalina.startup.VersionLoggerListener.log Command line argument: --add-opens=java.base/java.lang=ALL-UNNAMED
06-Nov-2019 18:58:18.456 INFO [main] org.apache.catalina.startup.VersionLoggerListener.log Command line argument: --add-opens=java.base/java.io=ALL-UNNAMED
06-Nov-2019 18:58:18.456 INFO [main] org.apache.catalina.startup.VersionLoggerListener.log Command line argument: --add-opens=java.rmi/sun.rmi.transport=ALL-UNNAMED
06-Nov-2019 18:58:18.456 INFO [main] org.apache.catalina.startup.VersionLoggerListener.log Command line argument: -Djava.util.logging.config.file=/Users/filipposcotto/Workspace/DistributedHashBreaker/Tomcat/conf/logging.properties
06-Nov-2019 18:58:18.456 INFO [main] org.apache.catalina.startup.VersionLoggerListener.log Command line argument: -Djava.util.logging.manager=org.apache.juli.ClassLoaderLogManager
06-Nov-2019 18:58:18.457 INFO [main] org.apache.catalina.startup.VersionLoggerListener.log Command line argument: -Dhttp.nonProxyHosts=localhost|127.0.0.1|iMac-di-Filippo.home-life.hub
06-Nov-2019 18:58:18.457 INFO [main] org.apache.catalina.startup.VersionLoggerListener.log Command line argument: -Djdk.tls.ephemeralDHKeySize=2048
06-Nov-2019 18:58:18.457 INFO [main] org.apache.catalina.startup.VersionLoggerListener.log Command line argument: -Djava.protocol.handler.pkgs=org.apache.catalina.webresources
06-Nov-2019 18:58:18.457 INFO [main] org.apache.catalina.startup.VersionLoggerListener.log Command line argument: -Dorg.apache.catalina.security.SecurityListener.UMASK=0027
06-Nov-2019 18:58:18.457 INFO [main] org.apache.catalina.startup.VersionLoggerListener.log Command line argument: -Dignore.endorsed.dirs=
06-Nov-2019 18:58:18.457 INFO [main] org.apache.catalina.startup.VersionLoggerListener.log Command line argument: -Dcatalina.base=/Users/filipposcotto/Workspace/DistributedHashBreaker/Tomcat
06-Nov-2019 18:58:18.457 INFO [main] org.apache.catalina.startup.VersionLoggerListener.log Command line argument: -Dcatalina.home=/Users/filipposcotto/Workspace/DistributedHashBreaker/Tomcat
06-Nov-2019 18:58:18.457 INFO [main] org.apache.catalina.startup.VersionLoggerListener.log Command line argument: -Djava.io.tmpdir=/Users/filipposcotto/Workspace/DistributedHashBreaker/Tomcat/temp
06-Nov-2019 18:58:18.458 INFO [main] org.apache.catalina.core.AprLifecycleListener.lifecycleEvent The APR based Apache Tomcat Native library which allows optimal performance in production environments was not found on the java.library.path: [/Users/filipposcotto/Library/Java/Extensions:/Library/Java/Extensions:/Network/Library/Java/Extensions:/System/Library/Java/Extensions:/usr/lib/java:.]
06-Nov-2019 18:58:18.749 INFO [main] org.apache.coyote.AbstractProtocol.init Initializing ProtocolHandler ["http-nio-8080"]
06-Nov-2019 18:58:18.785 INFO [main] org.apache.coyote.AbstractProtocol.init Initializing ProtocolHandler ["ajp-nio-8009"]
06-Nov-2019 18:58:18.787 INFO [main] org.apache.catalina.startup.Catalina.load Server initialization in [693] milliseconds
06-Nov-2019 18:58:18.834 INFO [main] org.apache.catalina.core.StandardService.startInternal Starting service [Catalina]
06-Nov-2019 18:58:18.834 INFO [main] org.apache.catalina.core.StandardEngine.startInternal Starting Servlet engine: [Apache Tomcat/9.0.27]
06-Nov-2019 18:58:18.841 INFO [main] org.apache.catalina.startup.HostConfig.deployDescriptor Deploying deployment descriptor [/Users/filipposcotto/Workspace/DistributedHashBreaker/Tomcat/conf/Catalina/localhost/DHBServer.xml]
06-Nov-2019 18:58:18.860 WARNING [main] org.apache.catalina.startup.HostConfig.deployDescriptor The path attribute with value [/DHBServer] in deployment descriptor [/Users/filipposcotto/Workspace/DistributedHashBreaker/Tomcat/conf/Catalina/localhost/DHBServer.xml] has been ignored
06-Nov-2019 18:58:19.203 INFO [main] org.apache.jasper.servlet.TldScanner.scanJars At least one JAR was scanned for TLDs yet contained no TLDs. Enable debug logging for this logger for a complete list of JARs that were scanned but no TLDs were found in them. Skipping unneeded JARs during scanning can improve startup time and JSP compilation time.
06-Nov-2019 18:58:19.243 INFO [main] org.apache.catalina.startup.HostConfig.deployDescriptor Deployment of deployment descriptor [/Users/filipposcotto/Workspace/DistributedHashBreaker/Tomcat/conf/Catalina/localhost/DHBServer.xml] has finished in [402] ms
06-Nov-2019 18:58:19.244 INFO [main] org.apache.catalina.startup.HostConfig.deployDirectory Deploying web application directory [/Users/filipposcotto/Workspace/DistributedHashBreaker/Tomcat/webapps/docs]
06-Nov-2019 18:58:19.277 INFO [main] org.apache.catalina.startup.HostConfig.deployDirectory Deployment of web application directory [/Users/filipposcotto/Workspace/DistributedHashBreaker/Tomcat/webapps/docs] has finished in [33] ms
06-Nov-2019 18:58:19.277 INFO [main] org.apache.catalina.startup.HostConfig.deployDirectory Deploying web application directory [/Users/filipposcotto/Workspace/DistributedHashBreaker/Tomcat/webapps/manager]
06-Nov-2019 18:58:19.321 INFO [main] org.apache.catalina.startup.HostConfig.deployDirectory Deployment of web application directory [/Users/filipposcotto/Workspace/DistributedHashBreaker/Tomcat/webapps/manager] has finished in [44] ms
06-Nov-2019 18:58:19.322 INFO [main] org.apache.catalina.startup.HostConfig.deployDirectory Deploying web application directory [/Users/filipposcotto/Workspace/DistributedHashBreaker/Tomcat/webapps/examples]
06-Nov-2019 18:58:19.589 INFO [main] org.apache.catalina.startup.HostConfig.deployDirectory Deployment of web application directory [/Users/filipposcotto/Workspace/DistributedHashBreaker/Tomcat/webapps/examples] has finished in [267] ms
06-Nov-2019 18:58:19.589 INFO [main] org.apache.catalina.startup.HostConfig.deployDirectory Deploying web application directory [/Users/filipposcotto/Workspace/DistributedHashBreaker/Tomcat/webapps/ROOT]
06-Nov-2019 18:58:19.620 INFO [main] org.apache.catalina.startup.HostConfig.deployDirectory Deployment of web application directory [/Users/filipposcotto/Workspace/DistributedHashBreaker/Tomcat/webapps/ROOT] has finished in [31] ms
06-Nov-2019 18:58:19.621 INFO [main] org.apache.catalina.startup.HostConfig.deployDirectory Deploying web application directory [/Users/filipposcotto/Workspace/DistributedHashBreaker/Tomcat/webapps/host-manager]
06-Nov-2019 18:58:19.704 INFO [main] org.apache.catalina.startup.HostConfig.deployDirectory Deployment of web application directory [/Users/filipposcotto/Workspace/DistributedHashBreaker/Tomcat/webapps/host-manager] has finished in [83] ms
06-Nov-2019 18:58:19.714 INFO [main] org.apache.coyote.AbstractProtocol.start Starting ProtocolHandler ["http-nio-8080"]
06-Nov-2019 18:58:19.725 INFO [main] org.apache.coyote.AbstractProtocol.start Starting ProtocolHandler ["ajp-nio-8009"]
06-Nov-2019 18:58:19.726 INFO [main] org.apache.catalina.startup.Catalina.start Server startup in [939] milliseconds
06-Nov-2019 18:58:22.107 INFO [http-nio-8080-exec-10] org.apache.catalina.startup.HostConfig.undeploy Undeploying context [/DHBServer]
06-Nov-2019 18:58:22.128 INFO [http-nio-8080-exec-7] org.apache.catalina.startup.HostConfig.deployDescriptor Deploying deployment descriptor [/Users/filipposcotto/Workspace/DistributedHashBreaker/Tomcat/conf/Catalina/localhost/DHBServer.xml]
06-Nov-2019 18:58:22.130 WARNING [http-nio-8080-exec-7] org.apache.catalina.startup.HostConfig.deployDescriptor The path attribute with value [/DHBServer] in deployment descriptor [/Users/filipposcotto/Workspace/DistributedHashBreaker/Tomcat/conf/Catalina/localhost/DHBServer.xml] has been ignored
06-Nov-2019 18:58:22.180 INFO [http-nio-8080-exec-7] org.apache.jasper.servlet.TldScanner.scanJars At least one JAR was scanned for TLDs yet contained no TLDs. Enable debug logging for this logger for a complete list of JARs that were scanned but no TLDs were found in them. Skipping unneeded JARs during scanning can improve startup time and JSP compilation time.
06-Nov-2019 18:58:22.183 INFO [http-nio-8080-exec-7] org.apache.catalina.startup.HostConfig.deployDescriptor Deployment of deployment descriptor [/Users/filipposcotto/Workspace/DistributedHashBreaker/Tomcat/conf/Catalina/localhost/DHBServer.xml] has finished in [55] ms
06-Nov-2019 18:58:22.188 INFO [http-nio-8080-exec-1] org.apache.catalina.util.LifecycleBase.start The start() method was called on component [StandardEngine[Catalina].StandardHost[localhost].StandardContext[/DHBServer]] after start() had already been called. The second call will be ignored.
