17-Nov-2019 00:06:53.649 INFO [main] org.apache.catalina.core.ApplicationContext.log SessionListener: contextDestroyed()
17-Nov-2019 00:06:53.649 INFO [main] org.apache.catalina.core.ApplicationContext.log ContextListener: contextDestroyed()
17-Nov-2019 00:07:35.286 INFO [main] org.apache.catalina.core.ApplicationContext.log ContextListener: contextInitialized()
17-Nov-2019 00:07:35.287 INFO [main] org.apache.catalina.core.ApplicationContext.log SessionListener: contextInitialized()
17-Nov-2019 00:07:35.288 INFO [main] org.apache.catalina.core.ApplicationContext.log ContextListener: attributeAdded('StockTicker', 'async.Stockticker@403132fc')
17-Nov-2019 00:09:59.021 INFO [main] org.apache.catalina.core.ApplicationContext.log SessionListener: contextDestroyed()
17-Nov-2019 00:09:59.021 INFO [main] org.apache.catalina.core.ApplicationContext.log ContextListener: contextDestroyed()
17-Nov-2019 00:14:17.042 INFO [main] org.apache.catalina.core.ApplicationContext.log ContextListener: contextInitialized()
17-Nov-2019 00:14:17.042 INFO [main] org.apache.catalina.core.ApplicationContext.log SessionListener: contextInitialized()
17-Nov-2019 00:14:17.043 INFO [main] org.apache.catalina.core.ApplicationContext.log ContextListener: attributeAdded('StockTicker', 'async.Stockticker@7f69d591')
17-Nov-2019 00:31:30.181 INFO [main] org.apache.catalina.core.ApplicationContext.log SessionListener: contextDestroyed()
17-Nov-2019 00:31:30.181 INFO [main] org.apache.catalina.core.ApplicationContext.log ContextListener: contextDestroyed()
17-Nov-2019 00:31:40.878 INFO [main] org.apache.catalina.core.ApplicationContext.log ContextListener: contextInitialized()
17-Nov-2019 00:31:40.879 INFO [main] org.apache.catalina.core.ApplicationContext.log SessionListener: contextInitialized()
17-Nov-2019 00:31:40.880 INFO [main] org.apache.catalina.core.ApplicationContext.log ContextListener: attributeAdded('StockTicker', 'async.Stockticker@495083a0')
17-Nov-2019 00:33:55.259 INFO [main] org.apache.catalina.core.ApplicationContext.log SessionListener: contextDestroyed()
17-Nov-2019 00:33:55.259 INFO [main] org.apache.catalina.core.ApplicationContext.log ContextListener: contextDestroyed()
17-Nov-2019 00:34:10.480 INFO [main] org.apache.catalina.core.ApplicationContext.log ContextListener: contextInitialized()
17-Nov-2019 00:34:10.480 INFO [main] org.apache.catalina.core.ApplicationContext.log SessionListener: contextInitialized()
17-Nov-2019 00:34:10.481 INFO [main] org.apache.catalina.core.ApplicationContext.log ContextListener: attributeAdded('StockTicker', 'async.Stockticker@5fd62371')
17-Nov-2019 00:36:04.981 INFO [main] org.apache.catalina.core.ApplicationContext.log SessionListener: contextDestroyed()
17-Nov-2019 00:36:04.981 INFO [main] org.apache.catalina.core.ApplicationContext.log ContextListener: contextDestroyed()
17-Nov-2019 00:36:33.855 INFO [main] org.apache.catalina.core.ApplicationContext.log ContextListener: contextInitialized()
17-Nov-2019 00:36:33.855 INFO [main] org.apache.catalina.core.ApplicationContext.log SessionListener: contextInitialized()
17-Nov-2019 00:36:33.856 INFO [main] org.apache.catalina.core.ApplicationContext.log ContextListener: attributeAdded('StockTicker', 'async.Stockticker@28a0fd6c')
17-Nov-2019 00:40:25.654 INFO [main] org.apache.catalina.core.ApplicationContext.log SessionListener: contextDestroyed()
17-Nov-2019 00:40:25.654 INFO [main] org.apache.catalina.core.ApplicationContext.log ContextListener: contextDestroyed()
17-Nov-2019 00:40:32.992 INFO [main] org.apache.catalina.core.ApplicationContext.log ContextListener: contextInitialized()
17-Nov-2019 00:40:32.993 INFO [main] org.apache.catalina.core.ApplicationContext.log SessionListener: contextInitialized()
17-Nov-2019 00:40:32.994 INFO [main] org.apache.catalina.core.ApplicationContext.log ContextListener: attributeAdded('StockTicker', 'async.Stockticker@5df417a7')
17-Nov-2019 01:09:07.266 INFO [main] org.apache.catalina.core.ApplicationContext.log SessionListener: contextDestroyed()
17-Nov-2019 01:09:07.266 INFO [main] org.apache.catalina.core.ApplicationContext.log ContextListener: contextDestroyed()
17-Nov-2019 01:09:24.279 INFO [main] org.apache.catalina.core.ApplicationContext.log ContextListener: contextInitialized()
17-Nov-2019 01:09:24.280 INFO [main] org.apache.catalina.core.ApplicationContext.log SessionListener: contextInitialized()
17-Nov-2019 01:09:24.281 INFO [main] org.apache.catalina.core.ApplicationContext.log ContextListener: attributeAdded('StockTicker', 'async.Stockticker@7f69d591')
17-Nov-2019 13:05:13.478 INFO [main] org.apache.catalina.core.ApplicationContext.log ContextListener: contextInitialized()
17-Nov-2019 13:05:13.479 INFO [main] org.apache.catalina.core.ApplicationContext.log SessionListener: contextInitialized()
17-Nov-2019 13:05:13.480 INFO [main] org.apache.catalina.core.ApplicationContext.log ContextListener: attributeAdded('StockTicker', 'async.Stockticker@27a5328c')
17-Nov-2019 13:45:44.486 INFO [main] org.apache.catalina.core.ApplicationContext.log SessionListener: contextDestroyed()
17-Nov-2019 13:45:44.486 INFO [main] org.apache.catalina.core.ApplicationContext.log ContextListener: contextDestroyed()
17-Nov-2019 13:45:57.926 INFO [main] org.apache.catalina.core.ApplicationContext.log ContextListener: contextInitialized()
17-Nov-2019 13:45:57.926 INFO [main] org.apache.catalina.core.ApplicationContext.log SessionListener: contextInitialized()
17-Nov-2019 13:45:57.928 INFO [main] org.apache.catalina.core.ApplicationContext.log ContextListener: attributeAdded('StockTicker', 'async.Stockticker@28a0fd6c')
17-Nov-2019 14:09:19.271 INFO [main] org.apache.catalina.core.ApplicationContext.log SessionListener: contextDestroyed()
17-Nov-2019 14:09:19.271 INFO [main] org.apache.catalina.core.ApplicationContext.log ContextListener: contextDestroyed()
17-Nov-2019 14:09:30.034 INFO [main] org.apache.catalina.core.ApplicationContext.log ContextListener: contextInitialized()
17-Nov-2019 14:09:30.034 INFO [main] org.apache.catalina.core.ApplicationContext.log SessionListener: contextInitialized()
17-Nov-2019 14:09:30.035 INFO [main] org.apache.catalina.core.ApplicationContext.log ContextListener: attributeAdded('StockTicker', 'async.Stockticker@5fd62371')
17-Nov-2019 14:18:11.626 INFO [main] org.apache.catalina.core.ApplicationContext.log SessionListener: contextDestroyed()
17-Nov-2019 14:18:11.626 INFO [main] org.apache.catalina.core.ApplicationContext.log ContextListener: contextDestroyed()
17-Nov-2019 14:18:22.894 INFO [main] org.apache.catalina.core.ApplicationContext.log ContextListener: contextInitialized()
17-Nov-2019 14:18:22.894 INFO [main] org.apache.catalina.core.ApplicationContext.log SessionListener: contextInitialized()
17-Nov-2019 14:18:22.897 INFO [main] org.apache.catalina.core.ApplicationContext.log ContextListener: attributeAdded('StockTicker', 'async.Stockticker@61078690')
17-Nov-2019 14:24:51.197 INFO [main] org.apache.catalina.core.ApplicationContext.log SessionListener: contextDestroyed()
17-Nov-2019 14:24:51.197 INFO [main] org.apache.catalina.core.ApplicationContext.log ContextListener: contextDestroyed()
17-Nov-2019 14:25:01.208 INFO [main] org.apache.catalina.core.ApplicationContext.log ContextListener: contextInitialized()
17-Nov-2019 14:25:01.208 INFO [main] org.apache.catalina.core.ApplicationContext.log SessionListener: contextInitialized()
17-Nov-2019 14:25:01.209 INFO [main] org.apache.catalina.core.ApplicationContext.log ContextListener: attributeAdded('StockTicker', 'async.Stockticker@27a5328c')
