10-Nov-2019 13:17:32.852 INFO [main] org.apache.catalina.core.ApplicationContext.log ContextListener: contextInitialized()
10-Nov-2019 13:17:32.853 INFO [main] org.apache.catalina.core.ApplicationContext.log SessionListener: contextInitialized()
10-Nov-2019 13:17:32.854 INFO [main] org.apache.catalina.core.ApplicationContext.log ContextListener: attributeAdded('StockTicker', 'async.Stockticker@11eadcba')
10-Nov-2019 13:43:46.726 INFO [main] org.apache.catalina.core.ApplicationContext.log SessionListener: contextDestroyed()
10-Nov-2019 13:43:46.726 INFO [main] org.apache.catalina.core.ApplicationContext.log ContextListener: contextDestroyed()
10-Nov-2019 13:44:12.323 INFO [main] org.apache.catalina.core.ApplicationContext.log ContextListener: contextInitialized()
10-Nov-2019 13:44:12.324 INFO [main] org.apache.catalina.core.ApplicationContext.log SessionListener: contextInitialized()
10-Nov-2019 13:44:12.325 INFO [main] org.apache.catalina.core.ApplicationContext.log ContextListener: attributeAdded('StockTicker', 'async.Stockticker@2f94c4db')
10-Nov-2019 13:54:15.302 INFO [main] org.apache.catalina.core.ApplicationContext.log SessionListener: contextDestroyed()
10-Nov-2019 13:54:15.302 INFO [main] org.apache.catalina.core.ApplicationContext.log ContextListener: contextDestroyed()
10-Nov-2019 13:54:43.992 INFO [main] org.apache.catalina.core.ApplicationContext.log ContextListener: contextInitialized()
10-Nov-2019 13:54:43.993 INFO [main] org.apache.catalina.core.ApplicationContext.log SessionListener: contextInitialized()
10-Nov-2019 13:54:43.994 INFO [main] org.apache.catalina.core.ApplicationContext.log ContextListener: attributeAdded('StockTicker', 'async.Stockticker@46e8a539')
10-Nov-2019 14:27:51.132 INFO [main] org.apache.catalina.core.ApplicationContext.log SessionListener: contextDestroyed()
10-Nov-2019 14:27:51.132 INFO [main] org.apache.catalina.core.ApplicationContext.log ContextListener: contextDestroyed()
10-Nov-2019 14:28:06.663 INFO [main] org.apache.catalina.core.ApplicationContext.log ContextListener: contextInitialized()
10-Nov-2019 14:28:06.663 INFO [main] org.apache.catalina.core.ApplicationContext.log SessionListener: contextInitialized()
10-Nov-2019 14:28:06.664 INFO [main] org.apache.catalina.core.ApplicationContext.log ContextListener: attributeAdded('StockTicker', 'async.Stockticker@46e8a539')
10-Nov-2019 14:28:48.128 INFO [main] org.apache.catalina.core.ApplicationContext.log SessionListener: contextDestroyed()
10-Nov-2019 14:28:48.128 INFO [main] org.apache.catalina.core.ApplicationContext.log ContextListener: contextDestroyed()
10-Nov-2019 14:28:57.720 INFO [main] org.apache.catalina.core.ApplicationContext.log ContextListener: contextInitialized()
10-Nov-2019 14:28:57.721 INFO [main] org.apache.catalina.core.ApplicationContext.log SessionListener: contextInitialized()
10-Nov-2019 14:28:57.722 INFO [main] org.apache.catalina.core.ApplicationContext.log ContextListener: attributeAdded('StockTicker', 'async.Stockticker@593e824f')
10-Nov-2019 14:29:33.851 INFO [main] org.apache.catalina.core.ApplicationContext.log SessionListener: contextDestroyed()
10-Nov-2019 14:29:33.851 INFO [main] org.apache.catalina.core.ApplicationContext.log ContextListener: contextDestroyed()
10-Nov-2019 14:29:43.570 INFO [main] org.apache.catalina.core.ApplicationContext.log ContextListener: contextInitialized()
10-Nov-2019 14:29:43.570 INFO [main] org.apache.catalina.core.ApplicationContext.log SessionListener: contextInitialized()
10-Nov-2019 14:29:43.571 INFO [main] org.apache.catalina.core.ApplicationContext.log ContextListener: attributeAdded('StockTicker', 'async.Stockticker@46e8a539')
10-Nov-2019 14:31:37.078 INFO [main] org.apache.catalina.core.ApplicationContext.log SessionListener: contextDestroyed()
10-Nov-2019 14:31:37.078 INFO [main] org.apache.catalina.core.ApplicationContext.log ContextListener: contextDestroyed()
10-Nov-2019 14:31:47.628 INFO [main] org.apache.catalina.core.ApplicationContext.log ContextListener: contextInitialized()
10-Nov-2019 14:31:47.628 INFO [main] org.apache.catalina.core.ApplicationContext.log SessionListener: contextInitialized()
10-Nov-2019 14:31:47.629 INFO [main] org.apache.catalina.core.ApplicationContext.log ContextListener: attributeAdded('StockTicker', 'async.Stockticker@ce5a68e')
10-Nov-2019 14:32:18.836 INFO [main] org.apache.catalina.core.ApplicationContext.log SessionListener: contextDestroyed()
10-Nov-2019 14:32:18.836 INFO [main] org.apache.catalina.core.ApplicationContext.log ContextListener: contextDestroyed()
10-Nov-2019 14:32:28.970 INFO [main] org.apache.catalina.core.ApplicationContext.log ContextListener: contextInitialized()
10-Nov-2019 14:32:28.970 INFO [main] org.apache.catalina.core.ApplicationContext.log SessionListener: contextInitialized()
10-Nov-2019 14:32:28.972 INFO [main] org.apache.catalina.core.ApplicationContext.log ContextListener: attributeAdded('StockTicker', 'async.Stockticker@493dfb8e')
10-Nov-2019 14:39:59.130 INFO [main] org.apache.catalina.core.ApplicationContext.log SessionListener: contextDestroyed()
10-Nov-2019 14:39:59.130 INFO [main] org.apache.catalina.core.ApplicationContext.log ContextListener: contextDestroyed()
10-Nov-2019 14:40:09.117 INFO [main] org.apache.catalina.core.ApplicationContext.log ContextListener: contextInitialized()
10-Nov-2019 14:40:09.117 INFO [main] org.apache.catalina.core.ApplicationContext.log SessionListener: contextInitialized()
10-Nov-2019 14:40:09.118 INFO [main] org.apache.catalina.core.ApplicationContext.log ContextListener: attributeAdded('StockTicker', 'async.Stockticker@591e58fa')
10-Nov-2019 14:41:47.215 INFO [main] org.apache.catalina.core.ApplicationContext.log SessionListener: contextDestroyed()
10-Nov-2019 14:41:47.215 INFO [main] org.apache.catalina.core.ApplicationContext.log ContextListener: contextDestroyed()
10-Nov-2019 14:41:58.293 INFO [main] org.apache.catalina.core.ApplicationContext.log ContextListener: contextInitialized()
10-Nov-2019 14:41:58.293 INFO [main] org.apache.catalina.core.ApplicationContext.log SessionListener: contextInitialized()
10-Nov-2019 14:41:58.294 INFO [main] org.apache.catalina.core.ApplicationContext.log ContextListener: attributeAdded('StockTicker', 'async.Stockticker@ce5a68e')
10-Nov-2019 14:44:14.292 INFO [main] org.apache.catalina.core.ApplicationContext.log SessionListener: contextDestroyed()
10-Nov-2019 14:44:14.292 INFO [main] org.apache.catalina.core.ApplicationContext.log ContextListener: contextDestroyed()
10-Nov-2019 14:44:23.972 INFO [main] org.apache.catalina.core.ApplicationContext.log ContextListener: contextInitialized()
10-Nov-2019 14:44:23.972 INFO [main] org.apache.catalina.core.ApplicationContext.log SessionListener: contextInitialized()
10-Nov-2019 14:44:23.974 INFO [main] org.apache.catalina.core.ApplicationContext.log ContextListener: attributeAdded('StockTicker', 'async.Stockticker@60bdf15d')
10-Nov-2019 14:46:48.973 INFO [main] org.apache.catalina.core.ApplicationContext.log SessionListener: contextDestroyed()
10-Nov-2019 14:46:48.973 INFO [main] org.apache.catalina.core.ApplicationContext.log ContextListener: contextDestroyed()
10-Nov-2019 14:46:57.540 INFO [main] org.apache.catalina.core.ApplicationContext.log ContextListener: contextInitialized()
10-Nov-2019 14:46:57.540 INFO [main] org.apache.catalina.core.ApplicationContext.log SessionListener: contextInitialized()
10-Nov-2019 14:46:57.541 INFO [main] org.apache.catalina.core.ApplicationContext.log ContextListener: attributeAdded('StockTicker', 'async.Stockticker@47da3952')
10-Nov-2019 14:47:33.909 INFO [main] org.apache.catalina.core.ApplicationContext.log SessionListener: contextDestroyed()
10-Nov-2019 14:47:33.909 INFO [main] org.apache.catalina.core.ApplicationContext.log ContextListener: contextDestroyed()
10-Nov-2019 14:47:47.544 INFO [main] org.apache.catalina.core.ApplicationContext.log ContextListener: contextInitialized()
10-Nov-2019 14:47:47.544 INFO [main] org.apache.catalina.core.ApplicationContext.log SessionListener: contextInitialized()
10-Nov-2019 14:47:47.546 INFO [main] org.apache.catalina.core.ApplicationContext.log ContextListener: attributeAdded('StockTicker', 'async.Stockticker@493dfb8e')
10-Nov-2019 14:48:10.407 INFO [main] org.apache.catalina.core.ApplicationContext.log SessionListener: contextDestroyed()
10-Nov-2019 14:48:10.408 INFO [main] org.apache.catalina.core.ApplicationContext.log ContextListener: contextDestroyed()
10-Nov-2019 14:48:19.094 INFO [main] org.apache.catalina.core.ApplicationContext.log ContextListener: contextInitialized()
10-Nov-2019 14:48:19.094 INFO [main] org.apache.catalina.core.ApplicationContext.log SessionListener: contextInitialized()
10-Nov-2019 14:48:19.095 INFO [main] org.apache.catalina.core.ApplicationContext.log ContextListener: attributeAdded('StockTicker', 'async.Stockticker@7c22d4f')
10-Nov-2019 14:48:54.290 INFO [main] org.apache.catalina.core.ApplicationContext.log SessionListener: contextDestroyed()
10-Nov-2019 14:48:54.290 INFO [main] org.apache.catalina.core.ApplicationContext.log ContextListener: contextDestroyed()
10-Nov-2019 14:49:00.852 INFO [main] org.apache.catalina.core.ApplicationContext.log ContextListener: contextInitialized()
10-Nov-2019 14:49:00.852 INFO [main] org.apache.catalina.core.ApplicationContext.log SessionListener: contextInitialized()
10-Nov-2019 14:49:00.854 INFO [main] org.apache.catalina.core.ApplicationContext.log ContextListener: attributeAdded('StockTicker', 'async.Stockticker@ce5a68e')
10-Nov-2019 14:53:25.650 INFO [main] org.apache.catalina.core.ApplicationContext.log SessionListener: contextDestroyed()
10-Nov-2019 14:53:25.650 INFO [main] org.apache.catalina.core.ApplicationContext.log ContextListener: contextDestroyed()
10-Nov-2019 14:53:39.600 INFO [main] org.apache.catalina.core.ApplicationContext.log ContextListener: contextInitialized()
10-Nov-2019 14:53:39.600 INFO [main] org.apache.catalina.core.ApplicationContext.log SessionListener: contextInitialized()
10-Nov-2019 14:53:39.602 INFO [main] org.apache.catalina.core.ApplicationContext.log ContextListener: attributeAdded('StockTicker', 'async.Stockticker@51e4ccb3')
10-Nov-2019 15:03:54.950 INFO [main] org.apache.catalina.core.ApplicationContext.log SessionListener: contextDestroyed()
10-Nov-2019 15:03:54.951 INFO [main] org.apache.catalina.core.ApplicationContext.log ContextListener: contextDestroyed()
10-Nov-2019 15:04:04.085 INFO [main] org.apache.catalina.core.ApplicationContext.log ContextListener: contextInitialized()
10-Nov-2019 15:04:04.086 INFO [main] org.apache.catalina.core.ApplicationContext.log SessionListener: contextInitialized()
10-Nov-2019 15:04:04.088 INFO [main] org.apache.catalina.core.ApplicationContext.log ContextListener: attributeAdded('StockTicker', 'async.Stockticker@7c22d4f')
10-Nov-2019 15:38:20.537 INFO [main] org.apache.catalina.core.ApplicationContext.log SessionListener: contextDestroyed()
10-Nov-2019 15:38:20.537 INFO [main] org.apache.catalina.core.ApplicationContext.log ContextListener: contextDestroyed()
10-Nov-2019 15:38:33.886 INFO [main] org.apache.catalina.core.ApplicationContext.log ContextListener: contextInitialized()
10-Nov-2019 15:38:33.886 INFO [main] org.apache.catalina.core.ApplicationContext.log SessionListener: contextInitialized()
10-Nov-2019 15:38:33.889 INFO [main] org.apache.catalina.core.ApplicationContext.log ContextListener: attributeAdded('StockTicker', 'async.Stockticker@593e824f')
10-Nov-2019 15:39:42.649 INFO [main] org.apache.catalina.core.ApplicationContext.log SessionListener: contextDestroyed()
10-Nov-2019 15:39:42.649 INFO [main] org.apache.catalina.core.ApplicationContext.log ContextListener: contextDestroyed()
10-Nov-2019 15:40:07.946 INFO [main] org.apache.catalina.core.ApplicationContext.log ContextListener: contextInitialized()
10-Nov-2019 15:40:07.946 INFO [main] org.apache.catalina.core.ApplicationContext.log SessionListener: contextInitialized()
10-Nov-2019 15:40:07.949 INFO [main] org.apache.catalina.core.ApplicationContext.log ContextListener: attributeAdded('StockTicker', 'async.Stockticker@ce5a68e')
10-Nov-2019 15:41:20.081 INFO [main] org.apache.catalina.core.ApplicationContext.log SessionListener: contextDestroyed()
10-Nov-2019 15:41:20.081 INFO [main] org.apache.catalina.core.ApplicationContext.log ContextListener: contextDestroyed()
10-Nov-2019 15:41:30.320 INFO [main] org.apache.catalina.core.ApplicationContext.log ContextListener: contextInitialized()
10-Nov-2019 15:41:30.320 INFO [main] org.apache.catalina.core.ApplicationContext.log SessionListener: contextInitialized()
10-Nov-2019 15:41:30.322 INFO [main] org.apache.catalina.core.ApplicationContext.log ContextListener: attributeAdded('StockTicker', 'async.Stockticker@5f59185e')
10-Nov-2019 15:44:32.642 INFO [main] org.apache.catalina.core.ApplicationContext.log SessionListener: contextDestroyed()
10-Nov-2019 15:44:32.642 INFO [main] org.apache.catalina.core.ApplicationContext.log ContextListener: contextDestroyed()
10-Nov-2019 15:44:45.790 INFO [main] org.apache.catalina.core.ApplicationContext.log ContextListener: contextInitialized()
10-Nov-2019 15:44:45.791 INFO [main] org.apache.catalina.core.ApplicationContext.log SessionListener: contextInitialized()
10-Nov-2019 15:44:45.792 INFO [main] org.apache.catalina.core.ApplicationContext.log ContextListener: attributeAdded('StockTicker', 'async.Stockticker@46e8a539')
10-Nov-2019 16:01:18.359 INFO [main] org.apache.catalina.core.ApplicationContext.log SessionListener: contextDestroyed()
10-Nov-2019 16:01:18.359 INFO [main] org.apache.catalina.core.ApplicationContext.log ContextListener: contextDestroyed()
10-Nov-2019 16:01:26.433 INFO [main] org.apache.catalina.core.ApplicationContext.log ContextListener: contextInitialized()
10-Nov-2019 16:01:26.433 INFO [main] org.apache.catalina.core.ApplicationContext.log SessionListener: contextInitialized()
10-Nov-2019 16:01:26.434 INFO [main] org.apache.catalina.core.ApplicationContext.log ContextListener: attributeAdded('StockTicker', 'async.Stockticker@7c22d4f')
10-Nov-2019 17:06:47.468 INFO [main] org.apache.catalina.core.ApplicationContext.log SessionListener: contextDestroyed()
10-Nov-2019 17:06:47.468 INFO [main] org.apache.catalina.core.ApplicationContext.log ContextListener: contextDestroyed()
10-Nov-2019 17:07:19.236 INFO [main] org.apache.catalina.core.ApplicationContext.log ContextListener: contextInitialized()
10-Nov-2019 17:07:19.236 INFO [main] org.apache.catalina.core.ApplicationContext.log SessionListener: contextInitialized()
10-Nov-2019 17:07:19.238 INFO [main] org.apache.catalina.core.ApplicationContext.log ContextListener: attributeAdded('StockTicker', 'async.Stockticker@64bc21ac')
10-Nov-2019 17:09:21.317 INFO [main] org.apache.catalina.core.ApplicationContext.log SessionListener: contextDestroyed()
10-Nov-2019 17:09:21.317 INFO [main] org.apache.catalina.core.ApplicationContext.log ContextListener: contextDestroyed()
10-Nov-2019 17:09:55.228 INFO [main] org.apache.catalina.core.ApplicationContext.log ContextListener: contextInitialized()
10-Nov-2019 17:09:55.228 INFO [main] org.apache.catalina.core.ApplicationContext.log SessionListener: contextInitialized()
10-Nov-2019 17:09:55.229 INFO [main] org.apache.catalina.core.ApplicationContext.log ContextListener: attributeAdded('StockTicker', 'async.Stockticker@464649c')
10-Nov-2019 17:12:10.528 INFO [main] org.apache.catalina.core.ApplicationContext.log SessionListener: contextDestroyed()
10-Nov-2019 17:12:10.528 INFO [main] org.apache.catalina.core.ApplicationContext.log ContextListener: contextDestroyed()
10-Nov-2019 17:12:46.780 INFO [main] org.apache.catalina.core.ApplicationContext.log ContextListener: contextInitialized()
10-Nov-2019 17:12:46.780 INFO [main] org.apache.catalina.core.ApplicationContext.log SessionListener: contextInitialized()
10-Nov-2019 17:12:46.782 INFO [main] org.apache.catalina.core.ApplicationContext.log ContextListener: attributeAdded('StockTicker', 'async.Stockticker@593e824f')
10-Nov-2019 17:15:04.844 INFO [main] org.apache.catalina.core.ApplicationContext.log SessionListener: contextDestroyed()
10-Nov-2019 17:15:04.844 INFO [main] org.apache.catalina.core.ApplicationContext.log ContextListener: contextDestroyed()
10-Nov-2019 17:15:18.084 INFO [main] org.apache.catalina.core.ApplicationContext.log ContextListener: contextInitialized()
10-Nov-2019 17:15:18.084 INFO [main] org.apache.catalina.core.ApplicationContext.log SessionListener: contextInitialized()
10-Nov-2019 17:15:18.086 INFO [main] org.apache.catalina.core.ApplicationContext.log ContextListener: attributeAdded('StockTicker', 'async.Stockticker@7c22d4f')
10-Nov-2019 17:15:37.179 INFO [main] org.apache.catalina.core.ApplicationContext.log SessionListener: contextDestroyed()
10-Nov-2019 17:15:37.179 INFO [main] org.apache.catalina.core.ApplicationContext.log ContextListener: contextDestroyed()
10-Nov-2019 17:15:44.607 INFO [main] org.apache.catalina.core.ApplicationContext.log ContextListener: contextInitialized()
10-Nov-2019 17:15:44.607 INFO [main] org.apache.catalina.core.ApplicationContext.log SessionListener: contextInitialized()
10-Nov-2019 17:15:44.608 INFO [main] org.apache.catalina.core.ApplicationContext.log ContextListener: attributeAdded('StockTicker', 'async.Stockticker@5d25e6bb')
10-Nov-2019 17:18:54.848 INFO [main] org.apache.catalina.core.ApplicationContext.log SessionListener: contextDestroyed()
10-Nov-2019 17:18:54.849 INFO [main] org.apache.catalina.core.ApplicationContext.log ContextListener: contextDestroyed()
10-Nov-2019 17:19:05.087 INFO [main] org.apache.catalina.core.ApplicationContext.log ContextListener: contextInitialized()
10-Nov-2019 17:19:05.087 INFO [main] org.apache.catalina.core.ApplicationContext.log SessionListener: contextInitialized()
10-Nov-2019 17:19:05.088 INFO [main] org.apache.catalina.core.ApplicationContext.log ContextListener: attributeAdded('StockTicker', 'async.Stockticker@9d157ff')
10-Nov-2019 17:22:46.674 INFO [main] org.apache.catalina.core.ApplicationContext.log SessionListener: contextDestroyed()
10-Nov-2019 17:22:46.674 INFO [main] org.apache.catalina.core.ApplicationContext.log ContextListener: contextDestroyed()
10-Nov-2019 17:22:57.964 INFO [main] org.apache.catalina.core.ApplicationContext.log ContextListener: contextInitialized()
10-Nov-2019 17:22:57.964 INFO [main] org.apache.catalina.core.ApplicationContext.log SessionListener: contextInitialized()
10-Nov-2019 17:22:57.965 INFO [main] org.apache.catalina.core.ApplicationContext.log ContextListener: attributeAdded('StockTicker', 'async.Stockticker@9d157ff')
10-Nov-2019 17:28:44.378 INFO [main] org.apache.catalina.core.ApplicationContext.log SessionListener: contextDestroyed()
10-Nov-2019 17:28:44.378 INFO [main] org.apache.catalina.core.ApplicationContext.log ContextListener: contextDestroyed()
10-Nov-2019 17:28:58.236 INFO [main] org.apache.catalina.core.ApplicationContext.log ContextListener: contextInitialized()
10-Nov-2019 17:28:58.236 INFO [main] org.apache.catalina.core.ApplicationContext.log SessionListener: contextInitialized()
10-Nov-2019 17:28:58.238 INFO [main] org.apache.catalina.core.ApplicationContext.log ContextListener: attributeAdded('StockTicker', 'async.Stockticker@47da3952')
10-Nov-2019 17:32:30.806 INFO [main] org.apache.catalina.core.ApplicationContext.log SessionListener: contextDestroyed()
10-Nov-2019 17:32:30.806 INFO [main] org.apache.catalina.core.ApplicationContext.log ContextListener: contextDestroyed()
10-Nov-2019 17:32:43.048 INFO [main] org.apache.catalina.core.ApplicationContext.log ContextListener: contextInitialized()
10-Nov-2019 17:32:43.048 INFO [main] org.apache.catalina.core.ApplicationContext.log SessionListener: contextInitialized()
10-Nov-2019 17:32:43.049 INFO [main] org.apache.catalina.core.ApplicationContext.log ContextListener: attributeAdded('StockTicker', 'async.Stockticker@51e4ccb3')
10-Nov-2019 17:34:26.955 INFO [main] org.apache.catalina.core.ApplicationContext.log SessionListener: contextDestroyed()
10-Nov-2019 17:34:26.955 INFO [main] org.apache.catalina.core.ApplicationContext.log ContextListener: contextDestroyed()
10-Nov-2019 17:34:38.568 INFO [main] org.apache.catalina.core.ApplicationContext.log ContextListener: contextInitialized()
10-Nov-2019 17:34:38.569 INFO [main] org.apache.catalina.core.ApplicationContext.log SessionListener: contextInitialized()
10-Nov-2019 17:34:38.570 INFO [main] org.apache.catalina.core.ApplicationContext.log ContextListener: attributeAdded('StockTicker', 'async.Stockticker@9d157ff')
10-Nov-2019 17:36:47.643 INFO [main] org.apache.catalina.core.ApplicationContext.log SessionListener: contextDestroyed()
10-Nov-2019 17:36:47.643 INFO [main] org.apache.catalina.core.ApplicationContext.log ContextListener: contextDestroyed()
10-Nov-2019 17:36:57.424 INFO [main] org.apache.catalina.core.ApplicationContext.log ContextListener: contextInitialized()
10-Nov-2019 17:36:57.424 INFO [main] org.apache.catalina.core.ApplicationContext.log SessionListener: contextInitialized()
10-Nov-2019 17:36:57.425 INFO [main] org.apache.catalina.core.ApplicationContext.log ContextListener: attributeAdded('StockTicker', 'async.Stockticker@51e4ccb3')
10-Nov-2019 17:41:18.274 INFO [main] org.apache.catalina.core.ApplicationContext.log SessionListener: contextDestroyed()
10-Nov-2019 17:41:18.274 INFO [main] org.apache.catalina.core.ApplicationContext.log ContextListener: contextDestroyed()
10-Nov-2019 17:41:27.732 INFO [main] org.apache.catalina.core.ApplicationContext.log ContextListener: contextInitialized()
10-Nov-2019 17:41:27.733 INFO [main] org.apache.catalina.core.ApplicationContext.log SessionListener: contextInitialized()
10-Nov-2019 17:41:27.735 INFO [main] org.apache.catalina.core.ApplicationContext.log ContextListener: attributeAdded('StockTicker', 'async.Stockticker@28a0fd6c')
10-Nov-2019 17:41:59.776 INFO [main] org.apache.catalina.core.ApplicationContext.log SessionListener: contextDestroyed()
10-Nov-2019 17:41:59.776 INFO [main] org.apache.catalina.core.ApplicationContext.log ContextListener: contextDestroyed()
10-Nov-2019 17:42:10.497 INFO [main] org.apache.catalina.core.ApplicationContext.log ContextListener: contextInitialized()
10-Nov-2019 17:42:10.497 INFO [main] org.apache.catalina.core.ApplicationContext.log SessionListener: contextInitialized()
10-Nov-2019 17:42:10.498 INFO [main] org.apache.catalina.core.ApplicationContext.log ContextListener: attributeAdded('StockTicker', 'async.Stockticker@5d25e6bb')
10-Nov-2019 18:08:41.210 INFO [main] org.apache.catalina.core.ApplicationContext.log SessionListener: contextDestroyed()
10-Nov-2019 18:08:41.210 INFO [main] org.apache.catalina.core.ApplicationContext.log ContextListener: contextDestroyed()
10-Nov-2019 18:09:12.867 INFO [main] org.apache.catalina.core.ApplicationContext.log ContextListener: contextInitialized()
10-Nov-2019 18:09:12.867 INFO [main] org.apache.catalina.core.ApplicationContext.log SessionListener: contextInitialized()
10-Nov-2019 18:09:12.868 INFO [main] org.apache.catalina.core.ApplicationContext.log ContextListener: attributeAdded('StockTicker', 'async.Stockticker@9d157ff')
10-Nov-2019 18:13:56.757 INFO [main] org.apache.catalina.core.ApplicationContext.log SessionListener: contextDestroyed()
10-Nov-2019 18:13:56.757 INFO [main] org.apache.catalina.core.ApplicationContext.log ContextListener: contextDestroyed()
10-Nov-2019 18:14:07.466 INFO [main] org.apache.catalina.core.ApplicationContext.log ContextListener: contextInitialized()
10-Nov-2019 18:14:07.466 INFO [main] org.apache.catalina.core.ApplicationContext.log SessionListener: contextInitialized()
10-Nov-2019 18:14:07.467 INFO [main] org.apache.catalina.core.ApplicationContext.log ContextListener: attributeAdded('StockTicker', 'async.Stockticker@493dfb8e')
