21-Nov-2019 09:46:30.752 INFORMAZIONI [http-nio-8080-exec-5] org.apache.catalina.core.ApplicationContext.log Manager: init: Associated with Deployer 'Catalina:type=Deployer,host=localhost'
21-Nov-2019 09:46:30.753 INFORMAZIONI [http-nio-8080-exec-5] org.apache.catalina.core.ApplicationContext.log Manager: init: Global resources are available
21-Nov-2019 09:46:30.841 INFORMAZIONI [http-nio-8080-exec-10] org.apache.catalina.core.ApplicationContext.log Manager: list: Listing contexts for virtual host 'localhost'
21-Nov-2019 09:46:30.884 INFORMAZIONI [http-nio-8080-exec-1] org.apache.catalina.core.ApplicationContext.log Manager: list: Listing contexts for virtual host 'localhost'
21-Nov-2019 09:46:30.932 INFORMAZIONI [http-nio-8080-exec-2] org.apache.catalina.core.ApplicationContext.log Manager: undeploy: Undeploying web application at '/DHBServer'
21-Nov-2019 09:46:31.531 INFORMAZIONI [http-nio-8080-exec-3] org.apache.catalina.core.ApplicationContext.log Manager: install: Installing context configuration at 'file:/var/folders/04/rsyzwdtj5wj28lz2x_c2rsm80000gp/T/context15307044176101897294.xml'
21-Nov-2019 09:46:32.176 INFORMAZIONI [http-nio-8080-exec-7] org.apache.catalina.core.ApplicationContext.log Manager: start: Starting web application '/DHBServer'
21-Nov-2019 09:58:49.018 INFORMAZIONI [http-nio-8080-exec-3] org.apache.catalina.core.ApplicationContext.log Manager: init: Associated with Deployer 'Catalina:type=Deployer,host=localhost'
21-Nov-2019 09:58:49.018 INFORMAZIONI [http-nio-8080-exec-3] org.apache.catalina.core.ApplicationContext.log Manager: init: Global resources are available
21-Nov-2019 09:58:49.087 INFORMAZIONI [http-nio-8080-exec-3] org.apache.catalina.core.ApplicationContext.log Manager: list: Listing contexts for virtual host 'localhost'
21-Nov-2019 09:58:49.111 INFORMAZIONI [http-nio-8080-exec-6] org.apache.catalina.core.ApplicationContext.log Manager: list: Listing contexts for virtual host 'localhost'
21-Nov-2019 09:58:49.162 INFORMAZIONI [http-nio-8080-exec-7] org.apache.catalina.core.ApplicationContext.log Manager: undeploy: Undeploying web application at '/DHBServer'
21-Nov-2019 09:58:49.744 INFORMAZIONI [http-nio-8080-exec-1] org.apache.catalina.core.ApplicationContext.log Manager: install: Installing context configuration at 'file:/var/folders/04/rsyzwdtj5wj28lz2x_c2rsm80000gp/T/context8755415495292529581.xml'
21-Nov-2019 09:58:51.114 INFORMAZIONI [http-nio-8080-exec-1] org.apache.catalina.core.ApplicationContext.log Manager: start: Starting web application '/DHBServer'
21-Nov-2019 10:09:18.618 INFORMAZIONI [http-nio-8080-exec-3] org.apache.catalina.core.ApplicationContext.log Manager: init: Associated with Deployer 'Catalina:type=Deployer,host=localhost'
21-Nov-2019 10:09:18.618 INFORMAZIONI [http-nio-8080-exec-3] org.apache.catalina.core.ApplicationContext.log Manager: init: Global resources are available
21-Nov-2019 10:09:18.700 INFORMAZIONI [http-nio-8080-exec-3] org.apache.catalina.core.ApplicationContext.log Manager: list: Listing contexts for virtual host 'localhost'
21-Nov-2019 10:09:18.748 INFORMAZIONI [http-nio-8080-exec-6] org.apache.catalina.core.ApplicationContext.log Manager: list: Listing contexts for virtual host 'localhost'
21-Nov-2019 10:09:18.781 INFORMAZIONI [http-nio-8080-exec-7] org.apache.catalina.core.ApplicationContext.log Manager: undeploy: Undeploying web application at '/DHBServer'
21-Nov-2019 10:09:19.396 INFORMAZIONI [http-nio-8080-exec-2] org.apache.catalina.core.ApplicationContext.log Manager: install: Installing context configuration at 'file:/var/folders/04/rsyzwdtj5wj28lz2x_c2rsm80000gp/T/context7458875070779653428.xml'
21-Nov-2019 10:09:20.338 INFORMAZIONI [http-nio-8080-exec-8] org.apache.catalina.core.ApplicationContext.log Manager: start: Starting web application '/DHBServer'
21-Nov-2019 10:12:50.472 INFORMAZIONI [http-nio-8080-exec-20] org.apache.catalina.core.ApplicationContext.log Manager: list: Listing contexts for virtual host 'localhost'
21-Nov-2019 10:12:50.512 INFORMAZIONI [http-nio-8080-exec-11] org.apache.catalina.core.ApplicationContext.log Manager: list: Listing contexts for virtual host 'localhost'
21-Nov-2019 10:12:50.536 INFORMAZIONI [http-nio-8080-exec-18] org.apache.catalina.core.ApplicationContext.log Manager: undeploy: Undeploying web application at '/DHBServer'
21-Nov-2019 10:12:51.095 INFORMAZIONI [http-nio-8080-exec-17] org.apache.catalina.core.ApplicationContext.log Manager: install: Installing context configuration at 'file:/var/folders/04/rsyzwdtj5wj28lz2x_c2rsm80000gp/T/context814158345441982066.xml'
21-Nov-2019 10:12:51.672 INFORMAZIONI [http-nio-8080-exec-17] org.apache.catalina.core.ApplicationContext.log Manager: start: Starting web application '/DHBServer'
21-Nov-2019 10:21:31.512 INFORMAZIONI [http-nio-8080-exec-25] org.apache.catalina.core.ApplicationContext.log Manager: list: Listing contexts for virtual host 'localhost'
21-Nov-2019 10:21:31.548 INFORMAZIONI [http-nio-8080-exec-26] org.apache.catalina.core.ApplicationContext.log Manager: list: Listing contexts for virtual host 'localhost'
21-Nov-2019 10:21:31.571 INFORMAZIONI [http-nio-8080-exec-28] org.apache.catalina.core.ApplicationContext.log Manager: undeploy: Undeploying web application at '/DHBServer'
21-Nov-2019 10:21:32.140 INFORMAZIONI [http-nio-8080-exec-23] org.apache.catalina.core.ApplicationContext.log Manager: install: Installing context configuration at 'file:/var/folders/04/rsyzwdtj5wj28lz2x_c2rsm80000gp/T/context6391962844121764805.xml'
21-Nov-2019 10:21:32.731 INFORMAZIONI [http-nio-8080-exec-24] org.apache.catalina.core.ApplicationContext.log Manager: start: Starting web application '/DHBServer'
