07-Nov-2019 00:01:20.429 INFO [http-nio-8080-exec-171] org.apache.catalina.core.ApplicationContext.log Manager: list: Listing contexts for virtual host 'localhost'
07-Nov-2019 00:01:20.433 INFO [http-nio-8080-exec-165] org.apache.catalina.core.ApplicationContext.log Manager: list: Listing contexts for virtual host 'localhost'
07-Nov-2019 00:01:20.442 INFO [http-nio-8080-exec-172] org.apache.catalina.core.ApplicationContext.log Manager: undeploy: Undeploying web application at '/DHBServer'
07-Nov-2019 00:01:20.970 INFO [http-nio-8080-exec-165] org.apache.catalina.core.ApplicationContext.log Manager: install: Installing context configuration at 'file:/var/folders/27/bxz5v3hx49bd_bm00kbhw0480000gn/T/context5213637963554063894.xml'
07-Nov-2019 00:01:21.043 INFO [http-nio-8080-exec-169] org.apache.catalina.core.ApplicationContext.log Manager: start: Starting web application '/DHBServer'
07-Nov-2019 11:01:13.472 INFORMAZIONI [http-nio-8080-exec-5] org.apache.catalina.core.ApplicationContext.log Manager: init: Associated with Deployer 'Catalina:type=Deployer,host=localhost'
07-Nov-2019 11:01:13.473 INFORMAZIONI [http-nio-8080-exec-5] org.apache.catalina.core.ApplicationContext.log Manager: init: Global resources are available
07-Nov-2019 11:01:13.549 INFORMAZIONI [http-nio-8080-exec-8] org.apache.catalina.core.ApplicationContext.log Manager: list: Listing contexts for virtual host 'localhost'
07-Nov-2019 11:01:13.595 INFORMAZIONI [http-nio-8080-exec-10] org.apache.catalina.core.ApplicationContext.log Manager: list: Listing contexts for virtual host 'localhost'
07-Nov-2019 11:01:13.645 INFORMAZIONI [http-nio-8080-exec-9] org.apache.catalina.core.ApplicationContext.log Manager: undeploy: Undeploying web application at '/DHBServer'
07-Nov-2019 11:01:14.198 INFORMAZIONI [http-nio-8080-exec-6] org.apache.catalina.core.ApplicationContext.log Manager: install: Installing context configuration at 'file:/var/folders/04/rsyzwdtj5wj28lz2x_c2rsm80000gp/T/context3361970673353461562.xml'
07-Nov-2019 11:01:14.492 INFORMAZIONI [http-nio-8080-exec-7] org.apache.catalina.core.ApplicationContext.log Manager: start: Starting web application '/DHBServer'
07-Nov-2019 11:23:33.150 INFORMAZIONI [http-nio-8080-exec-3] org.apache.catalina.core.ApplicationContext.log Manager: init: Associated with Deployer 'Catalina:type=Deployer,host=localhost'
07-Nov-2019 11:23:33.151 INFORMAZIONI [http-nio-8080-exec-3] org.apache.catalina.core.ApplicationContext.log Manager: init: Global resources are available
07-Nov-2019 11:23:33.195 INFORMAZIONI [http-nio-8080-exec-6] org.apache.catalina.core.ApplicationContext.log Manager: list: Listing contexts for virtual host 'localhost'
07-Nov-2019 11:23:33.240 INFORMAZIONI [http-nio-8080-exec-7] org.apache.catalina.core.ApplicationContext.log Manager: list: Listing contexts for virtual host 'localhost'
07-Nov-2019 11:23:33.266 INFORMAZIONI [http-nio-8080-exec-8] org.apache.catalina.core.ApplicationContext.log Manager: undeploy: Undeploying web application at '/DHBServer'
07-Nov-2019 11:23:33.827 INFORMAZIONI [http-nio-8080-exec-1] org.apache.catalina.core.ApplicationContext.log Manager: install: Installing context configuration at 'file:/var/folders/04/rsyzwdtj5wj28lz2x_c2rsm80000gp/T/context14961165716588240095.xml'
07-Nov-2019 11:23:34.034 INFORMAZIONI [http-nio-8080-exec-1] org.apache.catalina.core.ApplicationContext.log Manager: start: Starting web application '/DHBServer'
07-Nov-2019 11:28:40.994 INFORMAZIONI [http-nio-8080-exec-3] org.apache.catalina.core.ApplicationContext.log Manager: init: Associated with Deployer 'Catalina:type=Deployer,host=localhost'
07-Nov-2019 11:28:40.996 INFORMAZIONI [http-nio-8080-exec-3] org.apache.catalina.core.ApplicationContext.log Manager: init: Global resources are available
07-Nov-2019 11:28:41.015 INFORMAZIONI [http-nio-8080-exec-3] org.apache.catalina.core.ApplicationContext.log Manager: list: Listing contexts for virtual host 'localhost'
07-Nov-2019 11:28:41.118 INFORMAZIONI [http-nio-8080-exec-3] org.apache.catalina.core.ApplicationContext.log Manager: list: Listing contexts for virtual host 'localhost'
07-Nov-2019 11:28:41.173 INFORMAZIONI [http-nio-8080-exec-8] org.apache.catalina.core.ApplicationContext.log Manager: undeploy: Undeploying web application at '/DHBServer'
07-Nov-2019 11:28:41.754 INFORMAZIONI [http-nio-8080-exec-5] org.apache.catalina.core.ApplicationContext.log Manager: install: Installing context configuration at 'file:/var/folders/04/rsyzwdtj5wj28lz2x_c2rsm80000gp/T/context14473479519648927556.xml'
07-Nov-2019 11:28:42.278 INFORMAZIONI [http-nio-8080-exec-5] org.apache.catalina.core.ApplicationContext.log Manager: start: Starting web application '/DHBServer'
