18-Nov-2019 09:10:43.188 INFORMAZIONI [http-nio-8080-exec-5] org.apache.catalina.core.ApplicationContext.log Manager: init: Associated with Deployer 'Catalina:type=Deployer,host=localhost'
18-Nov-2019 09:10:43.196 INFORMAZIONI [http-nio-8080-exec-5] org.apache.catalina.core.ApplicationContext.log Manager: init: Global resources are available
18-Nov-2019 09:10:43.320 INFORMAZIONI [http-nio-8080-exec-9] org.apache.catalina.core.ApplicationContext.log Manager: list: Listing contexts for virtual host 'localhost'
18-Nov-2019 09:10:43.373 INFORMAZIONI [http-nio-8080-exec-10] org.apache.catalina.core.ApplicationContext.log Manager: list: Listing contexts for virtual host 'localhost'
18-Nov-2019 09:10:43.419 INFORMAZIONI [http-nio-8080-exec-1] org.apache.catalina.core.ApplicationContext.log Manager: undeploy: Undeploying web application at '/DHBServer'
18-Nov-2019 09:10:44.003 INFORMAZIONI [http-nio-8080-exec-3] org.apache.catalina.core.ApplicationContext.log Manager: install: Installing context configuration at 'file:/var/folders/04/rsyzwdtj5wj28lz2x_c2rsm80000gp/T/context6748330409548159894.xml'
18-Nov-2019 09:10:44.776 INFORMAZIONI [http-nio-8080-exec-2] org.apache.catalina.core.ApplicationContext.log Manager: start: Starting web application '/DHBServer'
18-Nov-2019 14:52:28.733 INFORMAZIONI [http-nio-8080-exec-6] org.apache.catalina.core.ApplicationContext.log Manager: init: Associated with Deployer 'Catalina:type=Deployer,host=localhost'
18-Nov-2019 14:52:28.734 INFORMAZIONI [http-nio-8080-exec-6] org.apache.catalina.core.ApplicationContext.log Manager: init: Global resources are available
18-Nov-2019 14:52:28.838 INFORMAZIONI [http-nio-8080-exec-2] org.apache.catalina.core.ApplicationContext.log Manager: list: Listing contexts for virtual host 'localhost'
18-Nov-2019 14:52:28.887 INFORMAZIONI [http-nio-8080-exec-1] org.apache.catalina.core.ApplicationContext.log Manager: list: Listing contexts for virtual host 'localhost'
18-Nov-2019 14:52:28.982 INFORMAZIONI [http-nio-8080-exec-3] org.apache.catalina.core.ApplicationContext.log Manager: undeploy: Undeploying web application at '/DHBServer'
18-Nov-2019 14:52:29.604 INFORMAZIONI [http-nio-8080-exec-10] org.apache.catalina.core.ApplicationContext.log Manager: install: Installing context configuration at 'file:/var/folders/04/rsyzwdtj5wj28lz2x_c2rsm80000gp/T/context2192797790261571227.xml'
18-Nov-2019 14:52:31.513 INFORMAZIONI [http-nio-8080-exec-2] org.apache.catalina.core.ApplicationContext.log Manager: start: Starting web application '/DHBServer'
18-Nov-2019 14:54:34.148 INFORMAZIONI [http-nio-8080-exec-16] org.apache.catalina.core.ApplicationContext.log Manager: list: Listing contexts for virtual host 'localhost'
18-Nov-2019 14:54:34.170 INFORMAZIONI [http-nio-8080-exec-17] org.apache.catalina.core.ApplicationContext.log Manager: list: Listing contexts for virtual host 'localhost'
18-Nov-2019 14:54:34.224 INFORMAZIONI [http-nio-8080-exec-18] org.apache.catalina.core.ApplicationContext.log Manager: undeploy: Undeploying web application at '/DHBServer'
18-Nov-2019 14:54:34.777 INFORMAZIONI [http-nio-8080-exec-16] org.apache.catalina.core.ApplicationContext.log Manager: install: Installing context configuration at 'file:/var/folders/04/rsyzwdtj5wj28lz2x_c2rsm80000gp/T/context15580847413840439541.xml'
18-Nov-2019 14:54:35.616 INFORMAZIONI [http-nio-8080-exec-13] org.apache.catalina.core.ApplicationContext.log Manager: start: Starting web application '/DHBServer'
18-Nov-2019 14:58:44.664 INFORMAZIONI [http-nio-8080-exec-3] org.apache.catalina.core.ApplicationContext.log Manager: init: Associated with Deployer 'Catalina:type=Deployer,host=localhost'
18-Nov-2019 14:58:44.667 INFORMAZIONI [http-nio-8080-exec-3] org.apache.catalina.core.ApplicationContext.log Manager: init: Global resources are available
18-Nov-2019 14:58:44.736 INFORMAZIONI [http-nio-8080-exec-5] org.apache.catalina.core.ApplicationContext.log Manager: list: Listing contexts for virtual host 'localhost'
18-Nov-2019 14:58:44.786 INFORMAZIONI [http-nio-8080-exec-6] org.apache.catalina.core.ApplicationContext.log Manager: list: Listing contexts for virtual host 'localhost'
18-Nov-2019 14:58:44.834 INFORMAZIONI [http-nio-8080-exec-9] org.apache.catalina.core.ApplicationContext.log Manager: undeploy: Undeploying web application at '/DHBServer'
18-Nov-2019 14:58:45.413 INFORMAZIONI [http-nio-8080-exec-4] org.apache.catalina.core.ApplicationContext.log Manager: install: Installing context configuration at 'file:/var/folders/04/rsyzwdtj5wj28lz2x_c2rsm80000gp/T/context2693033727033011365.xml'
18-Nov-2019 14:58:46.256 INFORMAZIONI [http-nio-8080-exec-8] org.apache.catalina.core.ApplicationContext.log Manager: start: Starting web application '/DHBServer'
18-Nov-2019 14:59:48.451 INFORMAZIONI [http-nio-8080-exec-14] org.apache.catalina.core.ApplicationContext.log Manager: list: Listing contexts for virtual host 'localhost'
18-Nov-2019 14:59:48.522 INFORMAZIONI [http-nio-8080-exec-15] org.apache.catalina.core.ApplicationContext.log Manager: list: Listing contexts for virtual host 'localhost'
18-Nov-2019 14:59:48.555 INFORMAZIONI [http-nio-8080-exec-1] org.apache.catalina.core.ApplicationContext.log Manager: undeploy: Undeploying web application at '/DHBServer'
18-Nov-2019 14:59:49.158 INFORMAZIONI [http-nio-8080-exec-8] org.apache.catalina.core.ApplicationContext.log Manager: install: Installing context configuration at 'file:/var/folders/04/rsyzwdtj5wj28lz2x_c2rsm80000gp/T/context6021986404336191327.xml'
18-Nov-2019 14:59:50.365 INFORMAZIONI [http-nio-8080-exec-18] org.apache.catalina.core.ApplicationContext.log Manager: start: Starting web application '/DHBServer'
18-Nov-2019 15:04:38.831 INFORMAZIONI [http-nio-8080-exec-22] org.apache.catalina.core.ApplicationContext.log Manager: list: Listing contexts for virtual host 'localhost'
18-Nov-2019 15:04:38.877 INFORMAZIONI [http-nio-8080-exec-23] org.apache.catalina.core.ApplicationContext.log Manager: list: Listing contexts for virtual host 'localhost'
18-Nov-2019 15:04:38.903 INFORMAZIONI [http-nio-8080-exec-24] org.apache.catalina.core.ApplicationContext.log Manager: undeploy: Undeploying web application at '/DHBServer'
18-Nov-2019 15:04:39.454 INFORMAZIONI [http-nio-8080-exec-19] org.apache.catalina.core.ApplicationContext.log Manager: install: Installing context configuration at 'file:/var/folders/04/rsyzwdtj5wj28lz2x_c2rsm80000gp/T/context428323475955185409.xml'
18-Nov-2019 15:04:40.043 INFORMAZIONI [http-nio-8080-exec-19] org.apache.catalina.core.ApplicationContext.log Manager: start: Starting web application '/DHBServer'
18-Nov-2019 15:08:36.801 INFORMAZIONI [http-nio-8080-exec-29] org.apache.catalina.core.ApplicationContext.log Manager: list: Listing contexts for virtual host 'localhost'
18-Nov-2019 15:08:36.845 INFORMAZIONI [http-nio-8080-exec-34] org.apache.catalina.core.ApplicationContext.log Manager: list: Listing contexts for virtual host 'localhost'
18-Nov-2019 15:08:36.870 INFORMAZIONI [http-nio-8080-exec-37] org.apache.catalina.core.ApplicationContext.log Manager: undeploy: Undeploying web application at '/DHBServer'
18-Nov-2019 15:08:37.428 INFORMAZIONI [http-nio-8080-exec-29] org.apache.catalina.core.ApplicationContext.log Manager: install: Installing context configuration at 'file:/var/folders/04/rsyzwdtj5wj28lz2x_c2rsm80000gp/T/context2793782222075269738.xml'
18-Nov-2019 15:08:38.022 INFORMAZIONI [http-nio-8080-exec-32] org.apache.catalina.core.ApplicationContext.log Manager: start: Starting web application '/DHBServer'
18-Nov-2019 15:11:11.471 INFORMAZIONI [http-nio-8080-exec-39] org.apache.catalina.core.ApplicationContext.log Manager: list: Listing contexts for virtual host 'localhost'
18-Nov-2019 15:11:11.536 INFORMAZIONI [http-nio-8080-exec-45] org.apache.catalina.core.ApplicationContext.log Manager: undeploy: Undeploying web application at '/DHBServer'
18-Nov-2019 15:11:51.694 INFORMAZIONI [http-nio-8080-exec-39] org.apache.catalina.core.ApplicationContext.log Manager: list: Listing contexts for virtual host 'localhost'
18-Nov-2019 15:11:51.712 INFORMAZIONI [http-nio-8080-exec-47] org.apache.catalina.core.ApplicationContext.log Manager: list: Listing contexts for virtual host 'localhost'
18-Nov-2019 15:11:51.746 INFORMAZIONI [http-nio-8080-exec-41] org.apache.catalina.core.ApplicationContext.log Manager: install: Installing context configuration at 'file:/var/folders/04/rsyzwdtj5wj28lz2x_c2rsm80000gp/T/context13025346261665217884.xml'
18-Nov-2019 15:11:52.464 INFORMAZIONI [http-nio-8080-exec-49] org.apache.catalina.core.ApplicationContext.log Manager: start: Starting web application '/DHBServer'
18-Nov-2019 15:24:06.073 INFORMAZIONI [http-nio-8080-exec-56] org.apache.catalina.core.ApplicationContext.log Manager: list: Listing contexts for virtual host 'localhost'
18-Nov-2019 15:24:06.152 INFORMAZIONI [http-nio-8080-exec-49] org.apache.catalina.core.ApplicationContext.log Manager: undeploy: Undeploying web application at '/DHBServer'
18-Nov-2019 15:24:36.761 INFORMAZIONI [http-nio-8080-exec-50] org.apache.catalina.core.ApplicationContext.log Manager: list: Listing contexts for virtual host 'localhost'
18-Nov-2019 15:24:36.804 INFORMAZIONI [http-nio-8080-exec-55] org.apache.catalina.core.ApplicationContext.log Manager: list: Listing contexts for virtual host 'localhost'
18-Nov-2019 15:24:36.839 INFORMAZIONI [http-nio-8080-exec-51] org.apache.catalina.core.ApplicationContext.log Manager: install: Installing context configuration at 'file:/var/folders/04/rsyzwdtj5wj28lz2x_c2rsm80000gp/T/context15854507257766161634.xml'
18-Nov-2019 15:24:37.476 INFORMAZIONI [http-nio-8080-exec-51] org.apache.catalina.core.ApplicationContext.log Manager: start: Starting web application '/DHBServer'
18-Nov-2019 15:44:54.209 INFORMAZIONI [http-nio-8080-exec-64] org.apache.catalina.core.ApplicationContext.log Manager: list: Listing contexts for virtual host 'localhost'
18-Nov-2019 15:44:54.256 INFORMAZIONI [http-nio-8080-exec-66] org.apache.catalina.core.ApplicationContext.log Manager: list: Listing contexts for virtual host 'localhost'
18-Nov-2019 15:44:54.284 INFORMAZIONI [http-nio-8080-exec-68] org.apache.catalina.core.ApplicationContext.log Manager: undeploy: Undeploying web application at '/DHBServer'
18-Nov-2019 15:44:54.851 INFORMAZIONI [http-nio-8080-exec-59] org.apache.catalina.core.ApplicationContext.log Manager: install: Installing context configuration at 'file:/var/folders/04/rsyzwdtj5wj28lz2x_c2rsm80000gp/T/context16950773306385505588.xml'
18-Nov-2019 15:44:55.400 INFORMAZIONI [http-nio-8080-exec-62] org.apache.catalina.core.ApplicationContext.log Manager: start: Starting web application '/DHBServer'
